#
# There is insufficient memory for the Java Runtime Environment to continue.
# Native memory allocation (malloc) failed to allocate 572656 bytes for Chunk::new
# Possible reasons:
#   The system is out of physical RAM or swap space
#   The process is running with CompressedOops enabled, and the Java Heap may be blocking the growth of the native heap
# Possible solutions:
#   Reduce memory load on the system
#   Increase physical memory or swap space
#   Check if swap backing store is full
#   Decrease Java heap size (-Xmx/-Xms)
#   Decrease number of Java threads
#   Decrease Java thread stack sizes (-Xss)
#   Set larger code cache with -XX:ReservedCodeCacheSize=
#   JVM is running with Unscaled Compressed Oops mode in which the Java heap is
#     placed in the first 4GB address space. The Java Heap base address is the
#     maximum limit for the native heap growth. Please use -XX:HeapBaseMinAddress
#     to set the Java Heap base and to place the Java Heap above 4GB virtual address.
# This output file may be truncated or incomplete.
#
#  Out of Memory Error (allocation.cpp:389), pid=28480, tid=0x0000000000006298
#
# JRE version: Java(TM) SE Runtime Environment (8.0_391) (build 1.8.0_391-b13)
# Java VM: Java HotSpot(TM) 64-Bit Server VM (25.391-b13 mixed mode windows-amd64 compressed oops)
# Failed to write core dump. Minidumps are not enabled by default on client versions of Windows
#

---------------  T H R E A D  ---------------

Current thread (0x000001f53610f800):  JavaThread "C2 CompilerThread2" daemon [_thread_in_native, id=25240, stack(0x000000746e500000,0x000000746e600000)]

Stack: [0x000000746e500000,0x000000746e600000]
Native frames: (J=compiled Java code, j=interpreted, Vv=VM code, C=native code)
V  [jvm.dll+0x353049]
V  [jvm.dll+0x290062]
V  [jvm.dll+0x290c2d]
V  [jvm.dll+0x285265]
V  [jvm.dll+0xdb9bc]
V  [jvm.dll+0xdc1cc]
V  [jvm.dll+0x49d03d]
V  [jvm.dll+0x460675]
V  [jvm.dll+0x46993f]
V  [jvm.dll+0x468d39]
V  [jvm.dll+0x452a6b]
V  [jvm.dll+0xb0766]
V  [jvm.dll+0xaee3f]
V  [jvm.dll+0x251612]
V  [jvm.dll+0x2accfc]
C  [ucrtbase.dll+0x29333]
C  [KERNEL32.DLL+0x1257d]
C  [ntdll.dll+0x5af28]


Current CompileTask:
C2:  22803 4655   !   4       java.util.jar.Attributes::read (344 bytes)


---------------  P R O C E S S  ---------------

Java Threads: ( => current thread )
  0x000001f53a61f800 JavaThread "spark-listener-group-shared" daemon [_thread_blocked, id=17532, stack(0x0000007471c00000,0x0000007471d00000)]
  0x000001f53a61f000 JavaThread "org.apache.hadoop.fs.FileSystem$Statistics$StatisticsDataReferenceCleaner" daemon [_thread_blocked, id=8204, stack(0x0000007471b00000,0x0000007471c00000)]
  0x000001f53a61e000 JavaThread "element-tracking-store-worker" daemon [_thread_blocked, id=13208, stack(0x0000007471a00000,0x0000007471b00000)]
  0x000001f53a622000 JavaThread "spark-listener-group-executorManagement" daemon [_thread_blocked, id=13960, stack(0x0000007471900000,0x0000007471a00000)]
  0x000001f53e4e4800 JavaThread "spark-listener-group-appStatus" daemon [_thread_blocked, id=1596, stack(0x0000007471800000,0x0000007471900000)]
  0x000001f53e4e3000 JavaThread "context-cleaner-periodic-gc" daemon [_thread_blocked, id=15756, stack(0x0000007471700000,0x0000007471800000)]
  0x000001f53e4e2800 JavaThread "Spark Context Cleaner" daemon [_thread_blocked, id=17344, stack(0x0000007471600000,0x0000007471700000)]
  0x000001f53e4e4000 JavaThread "shuffle-boss-6-1" daemon [_thread_in_native, id=28752, stack(0x0000007471500000,0x0000007471600000)]
  0x000001f53e4e1800 JavaThread "executor-heartbeater" daemon [_thread_blocked, id=24848, stack(0x0000007471400000,0x0000007471500000)]
  0x000001f53e4e8800 JavaThread "executor-kill-mark-cleanup" daemon [_thread_blocked, id=29552, stack(0x0000007471300000,0x0000007471400000)]
  0x000001f53e4e7800 JavaThread "driver-heartbeater" daemon [_thread_blocked, id=10464, stack(0x0000007471200000,0x0000007471300000)]
  0x000001f53e4e7000 JavaThread "dag-scheduler-event-loop" daemon [_thread_blocked, id=28756, stack(0x0000007471100000,0x0000007471200000)]
  0x000001f53e4e6000 JavaThread "task-abort-timer" daemon [_thread_blocked, id=25944, stack(0x0000007471000000,0x0000007471100000)]
  0x000001f53e4e5800 JavaThread "task-starvation-timer" daemon [_thread_blocked, id=5676, stack(0x0000007470f00000,0x0000007471000000)]
  0x000001f53bbf1000 JavaThread "netty-rpc-env-timeout" daemon [_thread_blocked, id=18708, stack(0x0000007470e00000,0x0000007470f00000)]
  0x000001f53bbf0000 JavaThread "heartbeat-receiver-event-loop-thread" daemon [_thread_blocked, id=1636, stack(0x0000007470d00000,0x0000007470e00000)]
  0x000001f53bbef800 JavaThread "SparkUI-49" daemon [_thread_blocked, id=24340, stack(0x0000007470c00000,0x0000007470d00000)]
  0x000001f53bbf6800 JavaThread "SparkUI-48-acceptor-0@354efef1-ServerConnector@3b890628{HTTP/1.1, (http/1.1)}{0.0.0.0:4040}" daemon [_thread_in_native, id=26104, stack(0x0000007470b00000,0x0000007470c00000)]
  0x000001f53bbf5800 JavaThread "SparkUI-47" daemon [_thread_in_native, id=29268, stack(0x0000007470a00000,0x0000007470b00000)]
  0x000001f53bbf3000 JavaThread "SparkUI-46" daemon [_thread_in_native, id=320, stack(0x0000007470900000,0x0000007470a00000)]
  0x000001f53bbf1800 JavaThread "SparkUI-45" daemon [_thread_in_native, id=18972, stack(0x0000007470800000,0x0000007470900000)]
  0x000001f53bbf4000 JavaThread "SparkUI-44" daemon [_thread_in_native, id=22284, stack(0x0000007470700000,0x0000007470800000)]
  0x000001f53bbf2800 JavaThread "SparkUI-43" daemon [_thread_in_native, id=15916, stack(0x0000007470600000,0x0000007470700000)]
  0x000001f53bbf5000 JavaThread "SparkUI-42" daemon [_thread_in_native, id=23244, stack(0x0000007470500000,0x0000007470600000)]
  0x000001f53bbe8000 JavaThread "refresh progress" daemon [_thread_blocked, id=10768, stack(0x0000007470400000,0x0000007470500000)]
  0x000001f53bbed000 JavaThread "RemoteBlock-temp-file-clean-thread" daemon [_thread_blocked, id=25720, stack(0x0000007470300000,0x0000007470400000)]
  0x000001f53bbec800 JavaThread "dispatcher-BlockManagerEndpoint1" daemon [_thread_blocked, id=8452, stack(0x0000007470200000,0x0000007470300000)]
  0x000001f53bbeb800 JavaThread "dispatcher-BlockManagerMaster" daemon [_thread_blocked, id=25264, stack(0x0000007470100000,0x0000007470200000)]
  0x000001f53bbee000 JavaThread "map-output-dispatcher-7" daemon [_thread_blocked, id=13468, stack(0x0000007470000000,0x0000007470100000)]
  0x000001f53bbee800 JavaThread "map-output-dispatcher-6" daemon [_thread_blocked, id=26656, stack(0x000000746ff00000,0x0000007470000000)]
  0x000001f53bbea000 JavaThread "map-output-dispatcher-5" daemon [_thread_blocked, id=2476, stack(0x000000746fe00000,0x000000746ff00000)]
  0x000001f53bbe8800 JavaThread "map-output-dispatcher-4" daemon [_thread_blocked, id=24088, stack(0x000000746fd00000,0x000000746fe00000)]
  0x000001f53bbe9800 JavaThread "map-output-dispatcher-3" daemon [_thread_blocked, id=15320, stack(0x000000746fc00000,0x000000746fd00000)]
  0x000001f53bbe7000 JavaThread "map-output-dispatcher-2" daemon [_thread_blocked, id=19996, stack(0x000000746fb00000,0x000000746fc00000)]
  0x000001f53bbeb000 JavaThread "map-output-dispatcher-1" daemon [_thread_blocked, id=2036, stack(0x000000746fa00000,0x000000746fb00000)]
  0x000001f536111000 JavaThread "map-output-dispatcher-0" daemon [_thread_blocked, id=11536, stack(0x000000746f900000,0x000000746fa00000)]
  0x000001f53610f000 JavaThread "dispatcher-event-loop-11" daemon [_thread_blocked, id=26220, stack(0x000000746f800000,0x000000746f900000)]
  0x000001f536115800 JavaThread "dispatcher-event-loop-10" daemon [_thread_blocked, id=24716, stack(0x000000746f700000,0x000000746f800000)]
  0x000001f536114000 JavaThread "dispatcher-event-loop-9" daemon [_thread_blocked, id=6216, stack(0x000000746f600000,0x000000746f700000)]
  0x000001f536110800 JavaThread "dispatcher-event-loop-8" daemon [_thread_blocked, id=25512, stack(0x000000746f500000,0x000000746f600000)]
  0x000001f536113800 JavaThread "dispatcher-event-loop-7" daemon [_thread_blocked, id=7924, stack(0x000000746f400000,0x000000746f500000)]
  0x000001f536112000 JavaThread "dispatcher-event-loop-6" daemon [_thread_blocked, id=20776, stack(0x000000746f300000,0x000000746f400000)]
  0x000001f538e89800 JavaThread "dispatcher-event-loop-5" daemon [_thread_blocked, id=12948, stack(0x000000746f200000,0x000000746f300000)]
  0x000001f538e89000 JavaThread "dispatcher-event-loop-4" daemon [_thread_blocked, id=8140, stack(0x000000746f100000,0x000000746f200000)]
  0x000001f53a198800 JavaThread "dispatcher-event-loop-3" daemon [_thread_blocked, id=11704, stack(0x000000746f000000,0x000000746f100000)]
  0x000001f539cab000 JavaThread "dispatcher-event-loop-2" daemon [_thread_blocked, id=4112, stack(0x000000746ef00000,0x000000746f000000)]
  0x000001f5392ef800 JavaThread "dispatcher-event-loop-1" daemon [_thread_blocked, id=13564, stack(0x000000746ee00000,0x000000746ef00000)]
  0x000001f53aa1b000 JavaThread "dispatcher-event-loop-0" daemon [_thread_blocked, id=29352, stack(0x000000746ed00000,0x000000746ee00000)]
  0x000001f539ebe000 JavaThread "rpc-boss-3-1" daemon [_thread_in_native, id=29668, stack(0x000000746ec00000,0x000000746ed00000)]
  0x000001f53a9b1000 JavaThread "Thread-4" [_thread_in_native, id=25592, stack(0x000000746eb00000,0x000000746ec00000)]
  0x000001f5399d3000 JavaThread "Thread-3" [_thread_in_native, id=9096, stack(0x000000746ea00000,0x000000746eb00000)]
  0x000001f539497000 JavaThread "Thread-2" [_thread_in_native, id=29404, stack(0x000000746e900000,0x000000746ea00000)]
  0x000001f5384fc000 JavaThread "Service Thread" daemon [_thread_blocked, id=14924, stack(0x000000746e700000,0x000000746e800000)]
  0x000001f536115000 JavaThread "C1 CompilerThread3" daemon [_thread_blocked, id=4912, stack(0x000000746e600000,0x000000746e700000)]
=>0x000001f53610f800 JavaThread "C2 CompilerThread2" daemon [_thread_in_native, id=25240, stack(0x000000746e500000,0x000000746e600000)]
  0x000001f53610d000 JavaThread "C2 CompilerThread1" daemon [_thread_blocked, id=16140, stack(0x000000746e400000,0x000000746e500000)]
  0x000001f536104800 JavaThread "C2 CompilerThread0" daemon [_thread_blocked, id=22792, stack(0x000000746e300000,0x000000746e400000)]
  0x000001f536104000 JavaThread "Attach Listener" daemon [_thread_blocked, id=25360, stack(0x000000746e200000,0x000000746e300000)]
  0x000001f536102000 JavaThread "Signal Dispatcher" daemon [_thread_blocked, id=10376, stack(0x000000746e100000,0x000000746e200000)]
  0x000001f52217b800 JavaThread "Finalizer" daemon [_thread_blocked, id=11552, stack(0x000000746e000000,0x000000746e100000)]
  0x000001f5360da000 JavaThread "Reference Handler" daemon [_thread_blocked, id=21888, stack(0x000000746df00000,0x000000746e000000)]
  0x000001f5220cd800 JavaThread "main" [_thread_in_native, id=19224, stack(0x000000746d300000,0x000000746d400000)]

Other Threads:
  0x000001f522174800 VMThread [stack: 0x000000746de00000,0x000000746df00000] [id=17096]
  0x000001f538553800 WatcherThread [stack: 0x000000746e800000,0x000000746e900000] [id=23368]

VM state:not at safepoint (normal execution)

VM Mutex/Monitor currently owned by a thread: None

heap address: 0x00000000c0000000, size: 1024 MB, Compressed Oops mode: 32-bit
Narrow klass base: 0x0000000000000000, Narrow klass shift: 3
Compressed class space size: 1073741824 Address: 0x0000000100000000

Heap:
 PSYoungGen      total 178688K, used 54212K [0x00000000eab00000, 0x00000000f6580000, 0x0000000100000000)
  eden space 168448K, 26% used [0x00000000eab00000,0x00000000ed5f3e68,0x00000000f4f80000)
  from space 10240K, 99% used [0x00000000f5a00000,0x00000000f63fd1f8,0x00000000f6400000)
  to   space 10752K, 0% used [0x00000000f4f80000,0x00000000f4f80000,0x00000000f5a00000)
 ParOldGen       total 117248K, used 27744K [0x00000000c0000000, 0x00000000c7280000, 0x00000000eab00000)
  object space 117248K, 23% used [0x00000000c0000000,0x00000000c1b18320,0x00000000c7280000)
 Metaspace       used 83135K, capacity 88120K, committed 88488K, reserved 1126400K
  class space    used 11385K, capacity 11819K, committed 11944K, reserved 1048576K

Card table byte_map: [0x000001f532ea0000,0x000001f5330b0000] byte_map_base: 0x000001f5328a0000

Marking Bits: (ParMarkBitMap*) 0x00007ff94d396040
 Begin Bits: [0x000001f533210000, 0x000001f534210000)
 End Bits:   [0x000001f534210000, 0x000001f535210000)

Polling page: 0x000001f522300000

CodeCache: size=245760Kb used=12971Kb max_used=12982Kb free=232788Kb
 bounds [0x000001f523ae0000, 0x000001f5247a0000, 0x000001f532ae0000]
 total_blobs=4965 nmethods=4263 adapters=612
 compilation: enabled

Compilation events (10 events):
Event: 22.749 Thread 0x000001f53610d000 4686 %     4       java.math.BigInteger::multiplyToLen @ 135 (216 bytes)
Event: 22.749 Thread 0x000001f536115000 nmethod 4685 0x000001f524790290 code [0x000001f524790400, 0x000001f524790778]
Event: 22.749 Thread 0x000001f536115000 4684       3       java.math.BigInteger::implSquareToLenChecks (198 bytes)
Event: 22.750 Thread 0x000001f536104800 nmethod 4676 0x000001f52478e790 code [0x000001f52478e8e0, 0x000001f52478eb58]
Event: 22.750 Thread 0x000001f536104800 4678       4       java.lang.Character::isWhitespace (5 bytes)
Event: 22.752 Thread 0x000001f536104800 nmethod 4678 0x000001f524780390 code [0x000001f5247804c0, 0x000001f524780558]
Event: 22.753 Thread 0x000001f536115000 nmethod 4684 0x000001f524792cd0 code [0x000001f524793140, 0x000001f524795b40]
Event: 22.753 Thread 0x000001f536115000 4687       3       java.math.MutableBigInteger::unsignedLongCompare (20 bytes)
Event: 22.753 Thread 0x000001f536115000 nmethod 4687 0x000001f52478e3d0 code [0x000001f52478e520, 0x000001f52478e6f8]
Event: 22.767 Thread 0x000001f53610d000 nmethod 4686% 0x000001f52478dc10 code [0x000001f52478dd60, 0x000001f52478e198]

GC Heap History (10 events):
Event: 14.146 GC heap before
{Heap before GC invocations=13 (full 2):
 PSYoungGen      total 134144K, used 134112K [0x00000000eab00000, 0x00000000f3580000, 0x0000000100000000)
  eden space 127488K, 100% used [0x00000000eab00000,0x00000000f2780000,0x00000000f2780000)
  from space 6656K, 99% used [0x00000000f2e80000,0x00000000f34f8090,0x00000000f3500000)
  to   space 7168K, 0% used [0x00000000f2780000,0x00000000f2780000,0x00000000f2e80000)
 ParOldGen       total 78848K, used 11343K [0x00000000c0000000, 0x00000000c4d00000, 0x00000000eab00000)
  object space 78848K, 14% used [0x00000000c0000000,0x00000000c0b13d60,0x00000000c4d00000)
 Metaspace       used 49980K, capacity 53128K, committed 53160K, reserved 1095680K
  class space    used 6721K, capacity 7054K, committed 7080K, reserved 1048576K
Event: 14.179 GC heap after
Heap after GC invocations=13 (full 2):
 PSYoungGen      total 134656K, used 7161K [0x00000000eab00000, 0x00000000f6400000, 0x0000000100000000)
  eden space 127488K, 0% used [0x00000000eab00000,0x00000000eab00000,0x00000000f2780000)
  from space 7168K, 99% used [0x00000000f2780000,0x00000000f2e7e530,0x00000000f2e80000)
  to   space 10240K, 0% used [0x00000000f5a00000,0x00000000f5a00000,0x00000000f6400000)
 ParOldGen       total 78848K, used 17603K [0x00000000c0000000, 0x00000000c4d00000, 0x00000000eab00000)
  object space 78848K, 22% used [0x00000000c0000000,0x00000000c1130ec8,0x00000000c4d00000)
 Metaspace       used 49980K, capacity 53128K, committed 53160K, reserved 1095680K
  class space    used 6721K, capacity 7054K, committed 7080K, reserved 1048576K
}
Event: 15.587 GC heap before
{Heap before GC invocations=14 (full 2):
 PSYoungGen      total 134656K, used 78426K [0x00000000eab00000, 0x00000000f6400000, 0x0000000100000000)
  eden space 127488K, 55% used [0x00000000eab00000,0x00000000ef098368,0x00000000f2780000)
  from space 7168K, 99% used [0x00000000f2780000,0x00000000f2e7e530,0x00000000f2e80000)
  to   space 10240K, 0% used [0x00000000f5a00000,0x00000000f5a00000,0x00000000f6400000)
 ParOldGen       total 78848K, used 17603K [0x00000000c0000000, 0x00000000c4d00000, 0x00000000eab00000)
  object space 78848K, 22% used [0x00000000c0000000,0x00000000c1130ec8,0x00000000c4d00000)
 Metaspace       used 55802K, capacity 58940K, committed 59160K, reserved 1101824K
  class space    used 7419K, capacity 7739K, committed 7848K, reserved 1048576K
Event: 15.606 GC heap after
Heap after GC invocations=14 (full 2):
 PSYoungGen      total 178688K, used 9102K [0x00000000eab00000, 0x00000000f6580000, 0x0000000100000000)
  eden space 168448K, 0% used [0x00000000eab00000,0x00000000eab00000,0x00000000f4f80000)
  from space 10240K, 88% used [0x00000000f5a00000,0x00000000f62e3ac8,0x00000000f6400000)
  to   space 10752K, 0% used [0x00000000f4f80000,0x00000000f4f80000,0x00000000f5a00000)
 ParOldGen       total 78848K, used 20530K [0x00000000c0000000, 0x00000000c4d00000, 0x00000000eab00000)
  object space 78848K, 26% used [0x00000000c0000000,0x00000000c140cb68,0x00000000c4d00000)
 Metaspace       used 55802K, capacity 58940K, committed 59160K, reserved 1101824K
  class space    used 7419K, capacity 7739K, committed 7848K, reserved 1048576K
}
Event: 15.606 GC heap before
{Heap before GC invocations=15 (full 3):
 PSYoungGen      total 178688K, used 9102K [0x00000000eab00000, 0x00000000f6580000, 0x0000000100000000)
  eden space 168448K, 0% used [0x00000000eab00000,0x00000000eab00000,0x00000000f4f80000)
  from space 10240K, 88% used [0x00000000f5a00000,0x00000000f62e3ac8,0x00000000f6400000)
  to   space 10752K, 0% used [0x00000000f4f80000,0x00000000f4f80000,0x00000000f5a00000)
 ParOldGen       total 78848K, used 20530K [0x00000000c0000000, 0x00000000c4d00000, 0x00000000eab00000)
  object space 78848K, 26% used [0x00000000c0000000,0x00000000c140cb68,0x00000000c4d00000)
 Metaspace       used 55802K, capacity 58940K, committed 59160K, reserved 1101824K
  class space    used 7419K, capacity 7739K, committed 7848K, reserved 1048576K
Event: 15.817 GC heap after
Heap after GC invocations=15 (full 3):
 PSYoungGen      total 178688K, used 0K [0x00000000eab00000, 0x00000000f6580000, 0x0000000100000000)
  eden space 168448K, 0% used [0x00000000eab00000,0x00000000eab00000,0x00000000f4f80000)
  from space 10240K, 0% used [0x00000000f5a00000,0x00000000f5a00000,0x00000000f6400000)
  to   space 10752K, 0% used [0x00000000f4f80000,0x00000000f4f80000,0x00000000f5a00000)
 ParOldGen       total 117248K, used 21193K [0x00000000c0000000, 0x00000000c7280000, 0x00000000eab00000)
  object space 117248K, 18% used [0x00000000c0000000,0x00000000c14b2740,0x00000000c7280000)
 Metaspace       used 55800K, capacity 58934K, committed 59160K, reserved 1101824K
  class space    used 7419K, capacity 7738K, committed 7848K, reserved 1048576K
}
Event: 18.773 GC heap before
{Heap before GC invocations=16 (full 3):
 PSYoungGen      total 178688K, used 168448K [0x00000000eab00000, 0x00000000f6580000, 0x0000000100000000)
  eden space 168448K, 100% used [0x00000000eab00000,0x00000000f4f80000,0x00000000f4f80000)
  from space 10240K, 0% used [0x00000000f5a00000,0x00000000f5a00000,0x00000000f6400000)
  to   space 10752K, 0% used [0x00000000f4f80000,0x00000000f4f80000,0x00000000f5a00000)
 ParOldGen       total 117248K, used 21193K [0x00000000c0000000, 0x00000000c7280000, 0x00000000eab00000)
  object space 117248K, 18% used [0x00000000c0000000,0x00000000c14b2740,0x00000000c7280000)
 Metaspace       used 67133K, capacity 71068K, committed 71208K, reserved 1112064K
  class space    used 9125K, capacity 9505K, committed 9512K, reserved 1048576K
Event: 18.795 GC heap after
Heap after GC invocations=16 (full 3):
 PSYoungGen      total 179200K, used 10749K [0x00000000eab00000, 0x00000000f6580000, 0x0000000100000000)
  eden space 168448K, 0% used [0x00000000eab00000,0x00000000eab00000,0x00000000f4f80000)
  from space 10752K, 99% used [0x00000000f4f80000,0x00000000f59ff7f0,0x00000000f5a00000)
  to   space 10240K, 0% used [0x00000000f5a00000,0x00000000f5a00000,0x00000000f6400000)
 ParOldGen       total 117248K, used 23465K [0x00000000c0000000, 0x00000000c7280000, 0x00000000eab00000)
  object space 117248K, 20% used [0x00000000c0000000,0x00000000c16ea4b8,0x00000000c7280000)
 Metaspace       used 67133K, capacity 71068K, committed 71208K, reserved 1112064K
  class space    used 9125K, capacity 9505K, committed 9512K, reserved 1048576K
}
Event: 21.797 GC heap before
{Heap before GC invocations=17 (full 3):
 PSYoungGen      total 179200K, used 179197K [0x00000000eab00000, 0x00000000f6580000, 0x0000000100000000)
  eden space 168448K, 100% used [0x00000000eab00000,0x00000000f4f80000,0x00000000f4f80000)
  from space 10752K, 99% used [0x00000000f4f80000,0x00000000f59ff7f0,0x00000000f5a00000)
  to   space 10240K, 0% used [0x00000000f5a00000,0x00000000f5a00000,0x00000000f6400000)
 ParOldGen       total 117248K, used 23465K [0x00000000c0000000, 0x00000000c7280000, 0x00000000eab00000)
  object space 117248K, 20% used [0x00000000c0000000,0x00000000c16ea4b8,0x00000000c7280000)
 Metaspace       used 80525K, capacity 85458K, committed 85544K, reserved 1124352K
  class space    used 11079K, capacity 11513K, committed 11560K, reserved 1048576K
Event: 21.818 GC heap after
Heap after GC invocations=17 (full 3):
 PSYoungGen      total 178688K, used 10228K [0x00000000eab00000, 0x00000000f6580000, 0x0000000100000000)
  eden space 168448K, 0% used [0x00000000eab00000,0x00000000eab00000,0x00000000f4f80000)
  from space 10240K, 99% used [0x00000000f5a00000,0x00000000f63fd1f8,0x00000000f6400000)
  to   space 10752K, 0% used [0x00000000f4f80000,0x00000000f4f80000,0x00000000f5a00000)
 ParOldGen       total 117248K, used 27744K [0x00000000c0000000, 0x00000000c7280000, 0x00000000eab00000)
  object space 117248K, 23% used [0x00000000c0000000,0x00000000c1b18320,0x00000000c7280000)
 Metaspace       used 80525K, capacity 85458K, committed 85544K, reserved 1124352K
  class space    used 11079K, capacity 11513K, committed 11560K, reserved 1048576K
}

Deoptimization events (10 events):
Event: 22.150 Thread 0x000001f5399d3000 Uncommon trap: reason=bimorphic action=maybe_recompile pc=0x000001f5246bc3d8 method=scala.reflect.runtime.SynchronizedSymbols$SynchronizedSymbol$$anon$13.scala$reflect$runtime$SynchronizedSymbols$SynchronizedSymbol$$$outer()Lscala/reflect/runtime/Synchron
Event: 22.150 Thread 0x000001f5399d3000 Uncommon trap: reason=bimorphic action=maybe_recompile pc=0x000001f5246bc3d8 method=scala.reflect.runtime.SynchronizedSymbols$SynchronizedSymbol$$anon$13.scala$reflect$runtime$SynchronizedSymbols$SynchronizedSymbol$$$outer()Lscala/reflect/runtime/Synchron
Event: 22.151 Thread 0x000001f5399d3000 Uncommon trap: reason=bimorphic action=maybe_recompile pc=0x000001f5246bc3d8 method=scala.reflect.runtime.SynchronizedSymbols$SynchronizedSymbol$$anon$13.scala$reflect$runtime$SynchronizedSymbols$SynchronizedSymbol$$$outer()Lscala/reflect/runtime/Synchron
Event: 22.304 Thread 0x000001f5399d3000 Uncommon trap: reason=class_check action=maybe_recompile pc=0x000001f524622f90 method=scala.reflect.runtime.SynchronizedSymbols$SynchronizedSymbol.getFlag(J)J @ 39
Event: 22.572 Thread 0x000001f5399d3000 Uncommon trap: reason=unstable_if action=reinterpret pc=0x000001f5242b7b1c method=java.util.jar.JarFile.maybeInstantiateVerifier()V @ 75
Event: 22.574 Thread 0x000001f5399d3000 Uncommon trap: reason=unstable_if action=reinterpret pc=0x000001f52425c614 method=java.util.jar.Attributes$Name.isAlpha(C)Z @ 21
Event: 22.644 Thread 0x000001f5399d3000 Uncommon trap: reason=unstable_if action=reinterpret pc=0x000001f523e9faa0 method=java.lang.String$CaseInsensitiveComparator.compare(Ljava/lang/String;Ljava/lang/String;)I @ 70
Event: 22.729 Thread 0x000001f5399d3000 Uncommon trap: reason=class_check action=maybe_recompile pc=0x000001f5243fbe14 method=java.lang.Throwable.<init>(Ljava/lang/String;Ljava/lang/Throwable;)V @ 24
Event: 22.741 Thread 0x000001f5399d3000 Uncommon trap: reason=unstable_if action=reinterpret pc=0x000001f524027454 method=java.util.jar.JarFile.maybeInstantiateVerifier()V @ 75
Event: 22.751 Thread 0x000001f5399d3000 Uncommon trap: reason=class_check action=maybe_recompile pc=0x000001f5243fbe14 method=java.lang.Throwable.<init>(Ljava/lang/String;Ljava/lang/Throwable;)V @ 24

Classes redefined (0 events):
No events

Internal exceptions (10 events):
Event: 22.479 Thread 0x000001f5399d3000 Exception <a 'java/lang/NoSuchMethodError': java.lang.Object.$anonfun$symbolsMap$1(Lscala/Function1;Lscala/reflect/internal/Symbols$Symbol;)Ljava/lang/Object;> (0x00000000ec99e890) thrown at [C:\jenkins\workspace\8-2-build-windows-x64-cygwin-sans-NAS\jdk8
Event: 22.480 Thread 0x000001f5399d3000 Exception <a 'java/lang/NoSuchMethodError': java.lang.Object.$anonfun$mapFrom$1(Lscala/Function1;Ljava/lang/Object;)Lscala/Tuple2;> (0x00000000ec9a3b18) thrown at [C:\jenkins\workspace\8-2-build-windows-x64-cygwin-sans-NAS\jdk8u391\514\hotspot\src\share\v
Event: 22.486 Thread 0x000001f5399d3000 Exception <a 'java/lang/NoSuchMethodError': java.lang.Object.$anonfun$withDefaultValue$1(Ljava/lang/Object;Ljava/lang/Object;)Ljava/lang/Object;> (0x00000000ec9c80d8) thrown at [C:\jenkins\workspace\8-2-build-windows-x64-cygwin-sans-NAS\jdk8u391\514\hotsp
Event: 22.487 Thread 0x000001f5399d3000 Exception <a 'java/lang/NoSuchMethodError': java.lang.Object.$anonfun$symbolsMapFilt$1$adapted(Lscala/Function1;Lscala/reflect/internal/Symbols$Symbol;)Ljava/lang/Object;> (0x00000000ec9cbb70) thrown at [C:\jenkins\workspace\8-2-build-windows-x64-cygwin-s
Event: 22.488 Thread 0x000001f5399d3000 Exception <a 'java/lang/NoSuchMethodError': java.lang.Object.$anonfun$boxedModule$1(Lscala/reflect/internal/Definitions$ValueClassDefinitions;Lscala/reflect/internal/Names$Name;)Lscala/reflect/internal/Symbols$ModuleSymbol;> (0x00000000ec9d86f8) thrown at
Event: 22.489 Thread 0x000001f5399d3000 Exception <a 'java/lang/NoSuchMethodError': java.lang.Object.$anonfun$ScalaValueClassesNoUnit$1$adapted(Lscala/reflect/internal/Definitions$ValueClassDefinitions;Lscala/reflect/internal/Symbols$ClassSymbol;)Ljava/lang/Object;> (0x00000000ec9df730) thrown 
Event: 22.491 Thread 0x000001f5399d3000 Exception <a 'java/lang/NoSuchMethodError': java.lang.Object.$anonfun$boxedClass$1(Lscala/reflect/internal/Definitions$ValueClassDefinitions;Lscala/reflect/internal/Names$Name;)Lscala/reflect/internal/Symbols$ClassSymbol;> (0x00000000ec9ef930) thrown at [
Event: 22.492 Thread 0x000001f5399d3000 Exception <a 'java/lang/NoSuchMethodError': java.lang.Object.$anonfun$refClass$1(Lscala/reflect/internal/Definitions$ValueClassDefinitions;Lscala/reflect/internal/Names$Name;)Lscala/reflect/internal/Symbols$ClassSymbol;> (0x00000000ec9f80c0) thrown at [C:
Event: 22.499 Thread 0x000001f5399d3000 Exception <a 'java/lang/NoSuchMethodError': java.lang.Object.$anonfun$volatileRefClass$1(Lscala/reflect/internal/Definitions$ValueClassDefinitions;Lscala/reflect/internal/Names$Name;)Lscala/reflect/internal/Symbols$ClassSymbol;> (0x00000000eca527a0) throw
Event: 22.510 Thread 0x000001f5399d3000 Exception <a 'java/lang/NoSuchMethodError': java.lang.Object.$anonfun$lazyHolders$1(Lscala/reflect/internal/Definitions$ValueClassDefinitions;Lscala/reflect/internal/Names$Name;)Lscala/reflect/internal/Symbols$Symbol;> (0x00000000ecaf3ee0) thrown at [C:\j

Events (10 events):
Event: 22.756 loading class org/apache/spark/SparkConcurrentModificationException
Event: 22.756 loading class org/apache/spark/SparkConcurrentModificationException done
Event: 22.758 loading class org/apache/spark/sql/catalyst/util/BadRecordException
Event: 22.758 loading class org/apache/spark/sql/catalyst/util/BadRecordException done
Event: 22.760 loading class org/apache/spark/SparkArithmeticException
Event: 22.760 loading class org/apache/spark/SparkArithmeticException done
Event: 22.763 loading class org/apache/spark/SparkSQLFeatureNotSupportedException
Event: 22.763 loading class org/apache/spark/SparkSQLFeatureNotSupportedException done
Event: 22.766 loading class org/apache/spark/SparkSecurityException
Event: 22.766 loading class org/apache/spark/SparkSecurityException done


Dynamic libraries:
0x00007ff7ee650000 - 0x00007ff7ee69a000 	C:\Program Files\Java\jdk-1.8\bin\java.exe
0x00007ffa18090000 - 0x00007ffa182a7000 	C:\Windows\SYSTEM32\ntdll.dll
0x00007ffa16630000 - 0x00007ffa166f4000 	C:\Windows\System32\KERNEL32.DLL
0x00007ffa15700000 - 0x00007ffa15aad000 	C:\Windows\System32\KERNELBASE.dll
0x00007ffa17160000 - 0x00007ffa17212000 	C:\Windows\System32\ADVAPI32.dll
0x00007ffa16e00000 - 0x00007ffa16ea7000 	C:\Windows\System32\msvcrt.dll
0x00007ffa17de0000 - 0x00007ffa17e89000 	C:\Windows\System32\sechost.dll
0x00007ffa15d90000 - 0x00007ffa15db8000 	C:\Windows\System32\bcrypt.dll
0x00007ffa17740000 - 0x00007ffa17854000 	C:\Windows\System32\RPCRT4.dll
0x00007ffa16fb0000 - 0x00007ffa1715e000 	C:\Windows\System32\USER32.dll
0x00007ffa153b0000 - 0x00007ffa153d6000 	C:\Windows\System32\win32u.dll
0x00007ffa173e0000 - 0x00007ffa17409000 	C:\Windows\System32\GDI32.dll
0x00007ffa15ab0000 - 0x00007ffa15bc9000 	C:\Windows\System32\gdi32full.dll
0x00007ffa15bd0000 - 0x00007ffa15c6a000 	C:\Windows\System32\msvcp_win.dll
0x00007ffa15c70000 - 0x00007ffa15d81000 	C:\Windows\System32\ucrtbase.dll
0x00007ff9fc7c0000 - 0x00007ff9fca53000 	C:\Windows\WinSxS\amd64_microsoft.windows.common-controls_6595b64144ccf1df_6.0.22621.3672_none_2713b9d173822955\COMCTL32.dll
0x00007ffa17410000 - 0x00007ffa17441000 	C:\Windows\System32\IMM32.DLL
0x00007ff9fd2f0000 - 0x00007ff9fd30b000 	C:\Program Files\Java\jdk-1.8\jre\bin\vcruntime140.dll
0x00007ffa0d220000 - 0x00007ffa0d22c000 	C:\Program Files\Java\jdk-1.8\jre\bin\vcruntime140_1.dll
0x00007ff9fc140000 - 0x00007ff9fc1ce000 	C:\Program Files\Java\jdk-1.8\jre\bin\msvcp140.dll
0x00007ff94cb60000 - 0x00007ff94d410000 	C:\Program Files\Java\jdk-1.8\jre\bin\server\jvm.dll
0x00007ffa17250000 - 0x00007ffa17258000 	C:\Windows\System32\PSAPI.DLL
0x00007ffa0cb50000 - 0x00007ffa0cb5a000 	C:\Windows\SYSTEM32\VERSION.dll
0x00007ffa0d970000 - 0x00007ffa0d979000 	C:\Windows\SYSTEM32\WSOCK32.dll
0x00007ffa0d1e0000 - 0x00007ffa0d214000 	C:\Windows\SYSTEM32\WINMM.dll
0x00007ffa17260000 - 0x00007ffa172d1000 	C:\Windows\System32\WS2_32.dll
0x00007ffa144d0000 - 0x00007ffa144e8000 	C:\Windows\SYSTEM32\kernel.appcore.dll
0x00007ffa06f10000 - 0x00007ffa06f20000 	C:\Program Files\Java\jdk-1.8\jre\bin\verify.dll
0x00007ff9fbe40000 - 0x00007ff9fbe6b000 	C:\Program Files\Java\jdk-1.8\jre\bin\java.dll
0x00007ff9fd130000 - 0x00007ff9fd148000 	C:\Program Files\Java\jdk-1.8\jre\bin\zip.dll
0x00007ffa15dc0000 - 0x00007ffa16627000 	C:\Windows\System32\SHELL32.dll
0x00007ffa13310000 - 0x00007ffa13c0e000 	C:\Windows\SYSTEM32\windows.storage.dll
0x00007ffa16700000 - 0x00007ffa16a8d000 	C:\Windows\System32\combase.dll
0x00007ffa131d0000 - 0x00007ffa1330f000 	C:\Windows\SYSTEM32\wintypes.dll
0x00007ffa16ca0000 - 0x00007ffa16d99000 	C:\Windows\System32\SHCORE.dll
0x00007ffa176e0000 - 0x00007ffa1773e000 	C:\Windows\System32\shlwapi.dll
0x00007ffa152e0000 - 0x00007ffa15301000 	C:\Windows\SYSTEM32\profapi.dll
0x00007ff9ff120000 - 0x00007ff9ff12d000 	C:\Program Files\Java\jdk-1.8\jre\bin\management.dll
0x00007ff9fbfb0000 - 0x00007ff9fbfcc000 	C:\Program Files\Java\jdk-1.8\jre\bin\net.dll
0x00007ffa14940000 - 0x00007ffa149a9000 	C:\Windows\system32\mswsock.dll
0x00007ff9ef730000 - 0x00007ff9ef747000 	C:\Windows\system32\napinsp.dll
0x00007ff9ef500000 - 0x00007ff9ef51b000 	C:\Windows\system32\pnrpnsp.dll
0x00007ffa13f50000 - 0x00007ffa14048000 	C:\Windows\SYSTEM32\DNSAPI.dll
0x00007ffa13f20000 - 0x00007ffa13f4d000 	C:\Windows\SYSTEM32\IPHLPAPI.DLL
0x00007ffa172e0000 - 0x00007ffa172e9000 	C:\Windows\System32\NSI.dll
0x00007ff9e21d0000 - 0x00007ff9e21e1000 	C:\Windows\System32\winrnr.dll
0x00007ffa0c8e0000 - 0x00007ffa0c8f5000 	C:\Windows\system32\wshbth.dll
0x00007ff9d7e70000 - 0x00007ff9d7e97000 	C:\Windows\system32\nlansp_c.dll
0x00007ffa0d010000 - 0x00007ffa0d01a000 	C:\Windows\System32\rasadhlp.dll
0x00007ffa0ce60000 - 0x00007ffa0cee3000 	C:\Windows\System32\fwpuclnt.dll
0x00007ff9fbe20000 - 0x00007ff9fbe33000 	C:\Program Files\Java\jdk-1.8\jre\bin\nio.dll
0x00007ffa14ba0000 - 0x00007ffa14bbb000 	C:\Windows\SYSTEM32\CRYPTSP.dll
0x00007ffa14430000 - 0x00007ffa14465000 	C:\Windows\system32\rsaenh.dll
0x00007ffa14a40000 - 0x00007ffa14a68000 	C:\Windows\SYSTEM32\USERENV.dll
0x00007ffa15610000 - 0x00007ffa1568b000 	C:\Windows\System32\bcryptprimitives.dll
0x00007ffa14bc0000 - 0x00007ffa14bcc000 	C:\Windows\SYSTEM32\CRYPTBASE.dll
0x00007ffa0e2a0000 - 0x00007ffa0e2b9000 	C:\Windows\SYSTEM32\dhcpcsvc6.DLL
0x00007ffa0e160000 - 0x00007ffa0e17f000 	C:\Windows\SYSTEM32\dhcpcsvc.DLL
0x00007ff9fef60000 - 0x00007ff9fef6a000 	C:\Program Files\Java\jdk-1.8\jre\bin\w2k_lsa_auth.dll
0x00007ffa142b0000 - 0x00007ffa142bc000 	C:\Windows\SYSTEM32\Secur32.dll
0x00007ffa14730000 - 0x00007ffa14773000 	C:\Windows\SYSTEM32\SSPICLI.DLL
0x00007ff9fede0000 - 0x00007ff9fede9000 	C:\Program Files\Java\jdk-1.8\jre\bin\jaas_nt.dll
0x00007ffa12c20000 - 0x00007ffa12e52000 	C:\Windows\SYSTEM32\dbghelp.dll
0x00007ffa17300000 - 0x00007ffa173d7000 	C:\Windows\System32\OLEAUT32.dll

VM Arguments:
jvm_args: -Xmx1g -XX:+IgnoreUnrecognizedVMOptions --add-opens=java.base/java.lang=ALL-UNNAMED --add-opens=java.base/java.lang.invoke=ALL-UNNAMED --add-opens=java.base/java.lang.reflect=ALL-UNNAMED --add-opens=java.base/java.io=ALL-UNNAMED --add-opens=java.base/java.net=ALL-UNNAMED --add-opens=java.base/java.nio=ALL-UNNAMED --add-opens=java.base/java.util=ALL-UNNAMED --add-opens=java.base/java.util.concurrent=ALL-UNNAMED --add-opens=java.base/java.util.concurrent.atomic=ALL-UNNAMED --add-opens=java.base/sun.nio.ch=ALL-UNNAMED --add-opens=java.base/sun.nio.cs=ALL-UNNAMED --add-opens=java.base/sun.security.action=ALL-UNNAMED --add-opens=java.base/sun.util.calendar=ALL-UNNAMED --add-opens=java.security.jgss/sun.security.krb5=ALL-UNNAMED 
java_command: org.apache.spark.deploy.SparkSubmit --conf spark.master=local[*] pyspark-shell
java_class_path (initial): C:\spark\spark-3.3.2-bin-hadoop2\bin\..\conf\;C:\spark\spark-3.3.2-bin-hadoop2\jars\activation-1.1.1.jar;C:\spark\spark-3.3.2-bin-hadoop2\jars\aircompressor-0.21.jar;C:\spark\spark-3.3.2-bin-hadoop2\jars\algebra_2.12-2.0.1.jar;C:\spark\spark-3.3.2-bin-hadoop2\jars\annotations-17.0.0.jar;C:\spark\spark-3.3.2-bin-hadoop2\jars\antlr-runtime-3.5.2.jar;C:\spark\spark-3.3.2-bin-hadoop2\jars\antlr4-runtime-4.8.jar;C:\spark\spark-3.3.2-bin-hadoop2\jars\aopalliance-1.0.jar;C:\spark\spark-3.3.2-bin-hadoop2\jars\aopalliance-repackaged-2.6.1.jar;C:\spark\spark-3.3.2-bin-hadoop2\jars\apacheds-i18n-2.0.0-M15.jar;C:\spark\spark-3.3.2-bin-hadoop2\jars\apacheds-kerberos-codec-2.0.0-M15.jar;C:\spark\spark-3.3.2-bin-hadoop2\jars\api-asn1-api-1.0.0-M20.jar;C:\spark\spark-3.3.2-bin-hadoop2\jars\api-util-1.0.0-M20.jar;C:\spark\spark-3.3.2-bin-hadoop2\jars\arpack-2.2.1.jar;C:\spark\spark-3.3.2-bin-hadoop2\jars\arpack_combined_all-0.1.jar;C:\spark\spark-3.3.2-bin-hadoop2\jars\arrow-format-7.0.0.jar;C:\spark\spark-3.3.2-bin-hadoop2\jars\arrow-memory-core-7.0.0.jar;C:\spark\spark-3.3.2-bin-hadoop2\jars\arrow-memory-netty-7.0.0.jar;C:\spark\spark-3.3.2-bin-hadoop2\jars\arrow-vector-7.0.0.jar;C:\spark\spark-3.3.2-bin-hadoop2\jars\audience-annotations-0.5.0.jar;C:\spark\spark-3.3.2-bin-hadoop2\jars\automaton-1.11-8.jar;C:\spark\spark-3.3.2-bin-hadoop2\jars\avro-1.11.0.jar;C:\spark\spark-3.3.2-bin-hadoop2\jars\avro-ipc-1.11.0.jar;C:\spark\spark-3.3.2-bin-hadoop2\jars\avro-mapred-1.11.0.jar;C:\spark\spark-3.3.2-bin-hadoop2\jars\blas-2.2.1.jar;C:\spark\spark-3.3.2-bin-hadoop2\jars\bonecp-0.8.0.RELEASE.jar;C:\spark\spark-3.3.2-bin-hadoop2\jars\breeze-macros_2.12-1.2.jar;C:\spark\spark-3.3.2-bin-hadoop2\jars\breeze_2.12-1.2.jar;C:\spark\spark-3.3.2-bin-hadoop2\jars\cats-kernel_2.12-2.1.1.jar;C:\spark\spark-3.3.2-bin-hadoop2\jars\chill-java-0.10.0.jar;C:\spark\spark-3.3.2-bin-hadoop2\jars\chill_2.12-0.10.0.jar;C:\spark\spark-3.3.2-bin-hadoop2\jars\commons-beanutils-1.9.4.
Launcher Type: SUN_STANDARD

Environment Variables:
JAVA_HOME=C:\Program Files\Java\jdk-1.8
PATH=C:\Program Files (x86)\Common Files\Oracle\Java\javapath;C:\oraclexe\app\oracle\product\11.2.0\server\bin;C:\Windows\system32;C:\Windows;C:\Windows\System32\Wbem;C:\Windows\System32\WindowsPowerShell\v1.0\;C:\Windows\System32\OpenSSH\;C:\Program Files (x86)\NVIDIA Corporation\PhysX\Common;C:\Program Files\NVIDIA Corporation\NVIDIA NvDLISR;C:\Program Files\dotnet\;C:\Program Files (x86)\Microsoft SQL Server\160\Tools\Binn\;C:\Program Files\Microsoft SQL Server\160\Tools\Binn\;C:\Program Files\Microsoft SQL Server\Client SDK\ODBC\170\Tools\Binn\;C:\Program Files\Microsoft SQL Server\160\DTS\Binn\;C:\Program Files (x86)\Microsoft SQL Server\160\DTS\Binn\;C:\Program Files\Azure Data Studio\bin;C:\Program Files\Snowflake SnowSQL\;C:\Program Files\Git\cmd;C:\Users\Venkatesh\AppData\Local\Programs\Python\Python38\Scripts\;C:\Users\Venkatesh\AppData\Local\Programs\Python\Python38\;C:\Users\Venkatesh\AppData\Local\Programs\Python\Python311\Scripts\;C:\Users\Venkatesh\AppData\Local\Programs\Python\Python311\;C:\Users\Venkatesh\AppData\Local\Microsoft\WindowsApps;C:\Program Files\JetBrains\PyCharm Community Edition 2023.2.5\bin;;C:\Program Files\Java\jdk-1.8\bin;C:\spark\spark-3.3.2-bin-hadoop2\bin;C:\spark\spark-3.3.2-bin-hadoop2\bin;;C:\Program Files\Azure Data Studio\bin;C:\Users\Venkatesh\AppData\Local\Programs\Microsoft VS Code\bin
USERNAME=Venkatesh
OS=Windows_NT
PROCESSOR_IDENTIFIER=Intel64 Family 6 Model 141 Stepping 1, GenuineIntel



---------------  S Y S T E M  ---------------

OS: Windows 11 , 64 bit Build 22621 (10.0.22621.3958)

CPU:total 12 (initial active 12) (6 cores per cpu, 2 threads per core) family 6 model 141 stepping 1, cmov, cx8, fxsr, mmx, sse, sse2, sse3, ssse3, sse4.1, sse4.2, popcnt, avx, avx2, aes, clmul, erms, 3dnowpref, lzcnt, ht, tsc, tscinvbit, bmi1, bmi2, adx

Memory: 4k page, physical 8104524k(449216k free), swap 33270348k(1400k free)

vm_info: Java HotSpot(TM) 64-Bit Server VM (25.391-b13) for windows-amd64 JRE (1.8.0_391-b13), built on Oct  4 2023 07:54:08 by "java_re" with MS VC++ 17.1 (VS2022)

time: Wed Aug  7 17:29:10 2024
timezone: India Standard Time
elapsed time: 22.820068 seconds (0d 0h 0m 22s)

