#
# There is insufficient memory for the Java Runtime Environment to continue.
# Native memory allocation (malloc) failed to allocate 32744 bytes for ChunkPool::allocate
# Possible reasons:
#   The system is out of physical RAM or swap space
#   The process is running with CompressedOops enabled, and the Java Heap may be blocking the growth of the native heap
# Possible solutions:
#   Reduce memory load on the system
#   Increase physical memory or swap space
#   Check if swap backing store is full
#   Decrease Java heap size (-Xmx/-Xms)
#   Decrease number of Java threads
#   Decrease Java thread stack sizes (-Xss)
#   Set larger code cache with -XX:ReservedCodeCacheSize=
#   JVM is running with Unscaled Compressed Oops mode in which the Java heap is
#     placed in the first 4GB address space. The Java Heap base address is the
#     maximum limit for the native heap growth. Please use -XX:HeapBaseMinAddress
#     to set the Java Heap base and to place the Java Heap above 4GB virtual address.
# This output file may be truncated or incomplete.
#
#  Out of Memory Error (allocation.cpp:272), pid=21868, tid=0x00000000000043b4
#
# JRE version: Java(TM) SE Runtime Environment (8.0_391) (build 1.8.0_391-b13)
# Java VM: Java HotSpot(TM) 64-Bit Server VM (25.391-b13 mixed mode windows-amd64 compressed oops)
# Failed to write core dump. Minidumps are not enabled by default on client versions of Windows
#

---------------  T H R E A D  ---------------

Current thread (0x000002092664c000):  JavaThread "Thread-3" [_thread_in_vm, id=17332, stack(0x000000ced4100000,0x000000ced4200000)]

Stack: [0x000000ced4100000,0x000000ced4200000]
Native frames: (J=compiled Java code, j=interpreted, Vv=VM code, C=native code)
V  [jvm.dll+0x353049]

Java frames: (J=compiled Java code, j=interpreted, Vv=VM code)
J 542  java.lang.Object.notifyAll()V (0 bytes) @ 0x0000020910983fbb [0x0000020910983f80+0x3b]
j  java.io.ObjectStreamClass$EntryFuture.set(Ljava/lang/Object;)Z+18
j  java.io.ObjectStreamClass.getReflector([Ljava/io/ObjectStreamField;Ljava/io/ObjectStreamClass;)Ljava/io/ObjectStreamClass$FieldReflector;+229
j  java.io.ObjectStreamClass.<init>(Ljava/lang/Class;)V+131
j  java.io.ObjectStreamClass.lookup(Ljava/lang/Class;Z)Ljava/io/ObjectStreamClass;+212
j  java.io.ObjectOutputStream.writeObject0(Ljava/lang/Object;Z)V+185
j  java.io.ObjectOutputStream.writeObject(Ljava/lang/Object;)V+16
j  org.apache.spark.serializer.JavaSerializationStream.writeObject(Ljava/lang/Object;Lscala/reflect/ClassTag;)Lorg/apache/spark/serializer/SerializationStream;+5
j  org.apache.spark.serializer.JavaSerializerInstance.serialize(Ljava/lang/Object;Lscala/reflect/ClassTag;)Ljava/nio/ByteBuffer;+19
j  org.apache.spark.util.ClosureCleaner$.ensureSerializable(Ljava/lang/Object;)V+28
j  org.apache.spark.util.ClosureCleaner$.clean(Ljava/lang/Object;ZZLscala/collection/mutable/Map;)V+1115
j  org.apache.spark.util.ClosureCleaner$.clean(Ljava/lang/Object;ZZ)V+10
j  org.apache.spark.SparkContext.clean(Ljava/lang/Object;Z)Ljava/lang/Object;+11
j  org.apache.spark.SparkContext.runJob(Lorg/apache/spark/rdd/RDD;Lscala/Function2;Lscala/collection/Seq;Lscala/Function2;Lscala/reflect/ClassTag;)V+33
j  org.apache.spark.SparkContext.runJob(Lorg/apache/spark/rdd/RDD;Lscala/Function2;Lscala/collection/Seq;Lscala/reflect/ClassTag;)Ljava/lang/Object;+28
j  org.apache.spark.SparkContext.runJob(Lorg/apache/spark/rdd/RDD;Lscala/Function1;Lscala/collection/Seq;Lscala/reflect/ClassTag;)Ljava/lang/Object;+26
j  org.apache.spark.sql.execution.SparkPlan.executeTake(IZ)[Lorg/apache/spark/sql/catalyst/InternalRow;+246
j  org.apache.spark.sql.execution.SparkPlan.executeTake(I)[Lorg/apache/spark/sql/catalyst/InternalRow;+3
j  org.apache.spark.sql.execution.CollectLimitExec.executeCollect()[Lorg/apache/spark/sql/catalyst/InternalRow;+8
j  org.apache.spark.sql.Dataset.collectFromPlan(Lorg/apache/spark/sql/execution/SparkPlan;)Ljava/lang/Object;+16
j  org.apache.spark.sql.Dataset.$anonfun$head$1(Lorg/apache/spark/sql/Dataset;Lorg/apache/spark/sql/execution/SparkPlan;)Ljava/lang/Object;+2
j  org.apache.spark.sql.Dataset$$Lambda$1582.apply(Ljava/lang/Object;)Ljava/lang/Object;+8
j  org.apache.spark.sql.Dataset.$anonfun$withAction$2(Lorg/apache/spark/sql/execution/QueryExecution;Lscala/Function1;)Ljava/lang/Object;+12
j  org.apache.spark.sql.Dataset$$Lambda$1916.apply()Ljava/lang/Object;+8
j  org.apache.spark.sql.execution.QueryExecution$.withInternalError(Ljava/lang/String;Lscala/Function0;)Ljava/lang/Object;+1
j  org.apache.spark.sql.Dataset.$anonfun$withAction$1(Ljava/lang/String;Lorg/apache/spark/sql/execution/QueryExecution;Lscala/Function1;)Ljava/lang/Object;+39
j  org.apache.spark.sql.Dataset$$Lambda$1583.apply()Ljava/lang/Object;+12
j  org.apache.spark.sql.execution.SQLExecution$.$anonfun$withNewExecutionId$6(Lorg/apache/spark/SparkContext;JLjava/lang/String;Lorg/apache/spark/util/CallSite;Lorg/apache/spark/sql/execution/QueryExecution;Lorg/apache/spark/sql/execution/ExplainMode;Lscala/collection/immutable/Map;Lscala/Function0;Lscala/Option;)Ljava/lang/Object;+56
j  org.apache.spark.sql.execution.SQLExecution$$$Lambda$1594.apply()Ljava/lang/Object;+36
j  org.apache.spark.sql.execution.SQLExecution$.withSQLConfPropagated(Lorg/apache/spark/sql/SparkSession;Lscala/Function0;)Ljava/lang/Object;+44
j  org.apache.spark.sql.execution.SQLExecution$.$anonfun$withNewExecutionId$1(Lorg/apache/spark/sql/execution/QueryExecution;Lscala/Function0;Lscala/Option;)Ljava/lang/Object;+263
j  org.apache.spark.sql.execution.SQLExecution$$$Lambda$1584.apply()Ljava/lang/Object;+12
j  org.apache.spark.sql.SparkSession.withActive(Lscala/Function0;)Ljava/lang/Object;+21
j  org.apache.spark.sql.execution.SQLExecution$.withNewExecutionId(Lorg/apache/spark/sql/execution/QueryExecution;Lscala/Option;Lscala/Function0;)Ljava/lang/Object;+12
j  org.apache.spark.sql.Dataset.withAction(Ljava/lang/String;Lorg/apache/spark/sql/execution/QueryExecution;Lscala/Function1;)Ljava/lang/Object;+20
j  org.apache.spark.sql.Dataset.head(I)Ljava/lang/Object;+18
j  org.apache.spark.sql.Dataset.take(I)Ljava/lang/Object;+2
j  org.apache.spark.sql.execution.datasources.csv.TextInputCSVDataSource$.infer(Lorg/apache/spark/sql/SparkSession;Lscala/collection/Seq;Lorg/apache/spark/sql/catalyst/csv/CSVOptions;)Lorg/apache/spark/sql/types/StructType;+26
j  org.apache.spark.sql.execution.datasources.csv.CSVDataSource.inferSchema(Lorg/apache/spark/sql/SparkSession;Lscala/collection/Seq;Lorg/apache/spark/sql/catalyst/csv/CSVOptions;)Lscala/Option;+17
j  org.apache.spark.sql.execution.datasources.csv.CSVFileFormat.inferSchema(Lorg/apache/spark/sql/SparkSession;Lscala/collection/immutable/Map;Lscala/collection/Seq;)Lscala/Option;+42
j  org.apache.spark.sql.execution.datasources.DataSource.$anonfun$getOrInferFileFormatSchema$11(Lorg/apache/spark/sql/execution/datasources/DataSource;Lorg/apache/spark/sql/execution/datasources/FileFormat;Lscala/runtime/LazyRef;Lscala/Function0;)Lscala/Option;+23
j  org.apache.spark.sql.execution.datasources.DataSource$$Lambda$981.apply()Ljava/lang/Object;+16
J 2522 C1 scala.Option.orElse(Lscala/Function0;)Lscala/Option; (19 bytes) @ 0x000002091094ec9c [0x000002091094eaa0+0x1fc]
j  org.apache.spark.sql.execution.datasources.DataSource.getOrInferFileFormatSchema(Lorg/apache/spark/sql/execution/datasources/FileFormat;Lscala/Function0;)Lscala/Tuple2;+119
j  org.apache.spark.sql.execution.datasources.DataSource.resolveRelation(Z)Lorg/apache/spark/sql/sources/BaseRelation;+854
j  org.apache.spark.sql.DataFrameReader.loadV1Source(Lscala/collection/Seq;)Lorg/apache/spark/sql/Dataset;+252
j  org.apache.spark.sql.DataFrameReader.$anonfun$load$2(Lorg/apache/spark/sql/DataFrameReader;Lscala/collection/Seq;)Lorg/apache/spark/sql/Dataset;+2
j  org.apache.spark.sql.DataFrameReader$$Lambda$880.apply()Ljava/lang/Object;+8
J 2765 C1 scala.Option.getOrElse(Lscala/Function0;)Ljava/lang/Object; (19 bytes) @ 0x0000020910c2959c [0x0000020910c293a0+0x1fc]
j  org.apache.spark.sql.DataFrameReader.load(Lscala/collection/Seq;)Lorg/apache/spark/sql/Dataset;+143
j  org.apache.spark.sql.DataFrameReader.load(Ljava/lang/String;)Lorg/apache/spark/sql/Dataset;+51
v  ~StubRoutines::call_stub
j  sun.reflect.NativeMethodAccessorImpl.invoke0(Ljava/lang/reflect/Method;Ljava/lang/Object;[Ljava/lang/Object;)Ljava/lang/Object;+0
j  sun.reflect.NativeMethodAccessorImpl.invoke(Ljava/lang/Object;[Ljava/lang/Object;)Ljava/lang/Object;+100
J 1916 C1 sun.reflect.DelegatingMethodAccessorImpl.invoke(Ljava/lang/Object;[Ljava/lang/Object;)Ljava/lang/Object; (10 bytes) @ 0x0000020910d111c4 [0x0000020910d110c0+0x104]
J 1915 C1 java.lang.reflect.Method.invoke(Ljava/lang/Object;[Ljava/lang/Object;)Ljava/lang/Object; (62 bytes) @ 0x0000020910d11944 [0x0000020910d11580+0x3c4]
j  py4j.reflection.MethodInvoker.invoke(Ljava/lang/Object;[Ljava/lang/Object;)Ljava/lang/Object;+91
j  py4j.reflection.ReflectionEngine.invoke(Ljava/lang/Object;Lpy4j/reflection/MethodInvoker;[Ljava/lang/Object;)Ljava/lang/Object;+6
j  py4j.Gateway.invoke(Ljava/lang/String;Ljava/lang/String;Ljava/util/List;)Lpy4j/ReturnObject;+151
j  py4j.commands.AbstractCommand.invokeMethod(Ljava/lang/String;Ljava/lang/String;Ljava/util/List;)Lpy4j/ReturnObject;+10
j  py4j.commands.CallCommand.execute(Ljava/lang/String;Ljava/io/BufferedReader;Ljava/io/BufferedWriter;)V+26
j  py4j.ClientServerConnection.waitForCommands()V+126
j  py4j.ClientServerConnection.run()V+11
j  java.lang.Thread.run()V+11
v  ~StubRoutines::call_stub

---------------  P R O C E S S  ---------------

Java Threads: ( => current thread )
  0x000002092871a000 JavaThread "spark-listener-group-shared" daemon [_thread_blocked, id=4364, stack(0x000000ced7300000,0x000000ced7400000)]
  0x000002092871a800 JavaThread "org.apache.hadoop.fs.FileSystem$Statistics$StatisticsDataReferenceCleaner" daemon [_thread_blocked, id=21628, stack(0x000000ced7200000,0x000000ced7300000)]
  0x0000020928717000 JavaThread "element-tracking-store-worker" daemon [_thread_blocked, id=27548, stack(0x000000ced7100000,0x000000ced7200000)]
  0x0000020927638000 JavaThread "spark-listener-group-executorManagement" daemon [_thread_blocked, id=13112, stack(0x000000ced7000000,0x000000ced7100000)]
  0x0000020927637000 JavaThread "spark-listener-group-appStatus" daemon [_thread_blocked, id=13296, stack(0x000000ced6f00000,0x000000ced7000000)]
  0x0000020927635000 JavaThread "context-cleaner-periodic-gc" daemon [_thread_blocked, id=27748, stack(0x000000ced6e00000,0x000000ced6f00000)]
  0x000002092763b000 JavaThread "Spark Context Cleaner" daemon [_thread_blocked, id=26860, stack(0x000000ced6d00000,0x000000ced6e00000)]
  0x0000020927639800 JavaThread "shuffle-boss-6-1" daemon [_thread_in_native, id=11328, stack(0x000000ced6c00000,0x000000ced6d00000)]
  0x0000020927635800 JavaThread "executor-heartbeater" daemon [_thread_blocked, id=24740, stack(0x000000ced6b00000,0x000000ced6c00000)]
  0x0000020927638800 JavaThread "executor-kill-mark-cleanup" daemon [_thread_blocked, id=22496, stack(0x000000ced6a00000,0x000000ced6b00000)]
  0x000002092763a000 JavaThread "driver-heartbeater" daemon [_thread_blocked, id=19816, stack(0x000000ced6900000,0x000000ced6a00000)]
  0x0000020927636800 JavaThread "dag-scheduler-event-loop" daemon [_thread_blocked, id=21556, stack(0x000000ced6800000,0x000000ced6900000)]
  0x0000020927634000 JavaThread "task-abort-timer" daemon [_thread_blocked, id=26592, stack(0x000000ced6700000,0x000000ced6800000)]
  0x000002092870a000 JavaThread "task-starvation-timer" daemon [_thread_blocked, id=21236, stack(0x000000ced6600000,0x000000ced6700000)]
  0x000002092870b000 JavaThread "netty-rpc-env-timeout" daemon [_thread_blocked, id=4904, stack(0x000000ced6500000,0x000000ced6600000)]
  0x0000020928709800 JavaThread "heartbeat-receiver-event-loop-thread" daemon [_thread_blocked, id=27276, stack(0x000000ced6400000,0x000000ced6500000)]
  0x0000020928708800 JavaThread "SparkUI-49" daemon [_thread_blocked, id=18296, stack(0x000000ced6300000,0x000000ced6400000)]
  0x0000020928707000 JavaThread "SparkUI-48-acceptor-0@1aa02eec-ServerConnector@1467d3c8{HTTP/1.1, (http/1.1)}{0.0.0.0:4040}" daemon [_thread_in_native, id=11344, stack(0x000000ced6200000,0x000000ced6300000)]
  0x0000020928708000 JavaThread "SparkUI-47" daemon [_thread_in_native, id=23468, stack(0x000000ced6100000,0x000000ced6200000)]
  0x0000020928706800 JavaThread "SparkUI-46" daemon [_thread_in_native, id=11588, stack(0x000000ced6000000,0x000000ced6100000)]
  0x0000020928701000 JavaThread "SparkUI-45" daemon [_thread_in_native, id=28204, stack(0x000000ced5f00000,0x000000ced6000000)]
  0x00000209286ff000 JavaThread "SparkUI-44" daemon [_thread_in_native, id=26468, stack(0x000000ced5e00000,0x000000ced5f00000)]
  0x0000020928700800 JavaThread "SparkUI-43" daemon [_thread_in_native, id=14828, stack(0x000000ced5d00000,0x000000ced5e00000)]
  0x0000020928705800 JavaThread "SparkUI-42" daemon [_thread_in_native, id=15212, stack(0x000000ced5c00000,0x000000ced5d00000)]
  0x0000020928704000 JavaThread "refresh progress" daemon [_thread_blocked, id=15560, stack(0x000000ced5b00000,0x000000ced5c00000)]
  0x0000020928703800 JavaThread "RemoteBlock-temp-file-clean-thread" daemon [_thread_blocked, id=17996, stack(0x000000ced5a00000,0x000000ced5b00000)]
  0x00000209286fe000 JavaThread "dispatcher-BlockManagerEndpoint1" daemon [_thread_blocked, id=16436, stack(0x000000ced5900000,0x000000ced5a00000)]
  0x0000020928702800 JavaThread "dispatcher-BlockManagerMaster" daemon [_thread_blocked, id=10936, stack(0x000000ced5800000,0x000000ced5900000)]
  0x00000209286fd800 JavaThread "map-output-dispatcher-7" daemon [_thread_blocked, id=20120, stack(0x000000ced5700000,0x000000ced5800000)]
  0x00000209286fc800 JavaThread "map-output-dispatcher-6" daemon [_thread_blocked, id=18608, stack(0x000000ced5600000,0x000000ced5700000)]
  0x00000209286ff800 JavaThread "map-output-dispatcher-5" daemon [_thread_blocked, id=27684, stack(0x000000ced5500000,0x000000ced5600000)]
  0x00000209286fc000 JavaThread "map-output-dispatcher-4" daemon [_thread_blocked, id=29144, stack(0x000000ced5400000,0x000000ced5500000)]
  0x0000020928702000 JavaThread "map-output-dispatcher-3" daemon [_thread_blocked, id=24084, stack(0x000000ced5300000,0x000000ced5400000)]
  0x0000020927672000 JavaThread "map-output-dispatcher-2" daemon [_thread_blocked, id=18116, stack(0x000000ced5200000,0x000000ced5300000)]
  0x0000020927675000 JavaThread "map-output-dispatcher-1" daemon [_thread_blocked, id=13008, stack(0x000000ced5100000,0x000000ced5200000)]
  0x0000020927671800 JavaThread "map-output-dispatcher-0" daemon [_thread_blocked, id=10140, stack(0x000000ced5000000,0x000000ced5100000)]
  0x0000020927673800 JavaThread "dispatcher-event-loop-11" daemon [_thread_blocked, id=10004, stack(0x000000ced4f00000,0x000000ced5000000)]
  0x0000020927674800 JavaThread "dispatcher-event-loop-10" daemon [_thread_blocked, id=16664, stack(0x000000ced4e00000,0x000000ced4f00000)]
  0x0000020927670800 JavaThread "dispatcher-event-loop-9" daemon [_thread_blocked, id=5852, stack(0x000000ced4d00000,0x000000ced4e00000)]
  0x0000020927673000 JavaThread "dispatcher-event-loop-8" daemon [_thread_blocked, id=3556, stack(0x000000ced4c00000,0x000000ced4d00000)]
  0x0000020927670000 JavaThread "dispatcher-event-loop-7" daemon [_thread_blocked, id=7160, stack(0x000000ced4b00000,0x000000ced4c00000)]
  0x000002092766f000 JavaThread "dispatcher-event-loop-6" daemon [_thread_blocked, id=6340, stack(0x000000ced4a00000,0x000000ced4b00000)]
  0x0000020927676000 JavaThread "dispatcher-event-loop-5" daemon [_thread_blocked, id=12816, stack(0x000000ced4900000,0x000000ced4a00000)]
  0x000002092575f000 JavaThread "dispatcher-event-loop-4" daemon [_thread_blocked, id=16072, stack(0x000000ced4800000,0x000000ced4900000)]
  0x0000020925c1e800 JavaThread "dispatcher-event-loop-3" daemon [_thread_blocked, id=21856, stack(0x000000ced4700000,0x000000ced4800000)]
  0x0000020925c1e000 JavaThread "dispatcher-event-loop-2" daemon [_thread_blocked, id=18124, stack(0x000000ced4600000,0x000000ced4700000)]
  0x0000020927a2d800 JavaThread "dispatcher-event-loop-1" daemon [_thread_blocked, id=15820, stack(0x000000ced4500000,0x000000ced4600000)]
  0x000002092866f000 JavaThread "dispatcher-event-loop-0" daemon [_thread_blocked, id=21612, stack(0x000000ced4400000,0x000000ced4500000)]
  0x0000020925e24800 JavaThread "rpc-boss-3-1" daemon [_thread_in_native, id=27524, stack(0x000000ced4300000,0x000000ced4400000)]
  0x00000209273c9800 JavaThread "Thread-4" [_thread_in_native, id=6280, stack(0x000000ced4200000,0x000000ced4300000)]
=>0x000002092664c000 JavaThread "Thread-3" [_thread_in_vm, id=17332, stack(0x000000ced4100000,0x000000ced4200000)]
  0x0000020925b75000 JavaThread "Thread-2" [_thread_in_native, id=6868, stack(0x000000ced4000000,0x000000ced4100000)]
  0x0000020922d1e000 JavaThread "Service Thread" daemon [_thread_blocked, id=21488, stack(0x000000ced3e00000,0x000000ced3f00000)]
  0x0000020922d10000 JavaThread "C1 CompilerThread3" daemon [_thread_in_native, id=29200, stack(0x000000ced3d00000,0x000000ced3e00000)]
  0x0000020922d0d000 JavaThread "C2 CompilerThread2" daemon [_thread_blocked, id=16000, stack(0x000000ced3c00000,0x000000ced3d00000)]
  0x0000020922d0a800 JavaThread "C2 CompilerThread1" daemon [_thread_blocked, id=19920, stack(0x000000ced3b00000,0x000000ced3c00000)]
  0x0000020922d09000 JavaThread "C2 CompilerThread0" daemon [_thread_blocked, id=20820, stack(0x000000ced3a00000,0x000000ced3b00000)]
  0x0000020922d08800 JavaThread "Attach Listener" daemon [_thread_blocked, id=20876, stack(0x000000ced3900000,0x000000ced3a00000)]
  0x0000020922d06800 JavaThread "Signal Dispatcher" daemon [_thread_blocked, id=12252, stack(0x000000ced3800000,0x000000ced3900000)]
  0x0000020922cda000 JavaThread "Finalizer" daemon [_thread_blocked, id=19660, stack(0x000000ced3700000,0x000000ced3800000)]
  0x0000020922cd8800 JavaThread "Reference Handler" daemon [_thread_blocked, id=17708, stack(0x000000ced3600000,0x000000ced3700000)]
  0x000002090eb7d800 JavaThread "main" [_thread_in_native, id=24996, stack(0x000000ced2a00000,0x000000ced2b00000)]

Other Threads:
  0x000002090ec26800 VMThread [stack: 0x000000ced3500000,0x000000ced3600000] [id=9700]
  0x000002092512a800 WatcherThread [stack: 0x000000ced3f00000,0x000000ced4000000] [id=24068]

VM state:not at safepoint (normal execution)

VM Mutex/Monitor currently owned by a thread: None

heap address: 0x00000000c0000000, size: 1024 MB, Compressed Oops mode: 32-bit
Narrow klass base: 0x0000000000000000, Narrow klass shift: 3
Compressed class space size: 1073741824 Address: 0x0000000100000000

Heap:
 PSYoungGen      total 163328K, used 7253K [0x00000000eab00000, 0x00000000f5700000, 0x0000000100000000)
  eden space 150528K, 4% used [0x00000000eab00000,0x00000000eb215748,0x00000000f3e00000)
  from space 12800K, 0% used [0x00000000f3e00000,0x00000000f3e00000,0x00000000f4a80000)
  to   space 11776K, 0% used [0x00000000f4b80000,0x00000000f4b80000,0x00000000f5700000)
 ParOldGen       total 81408K, used 30747K [0x00000000c0000000, 0x00000000c4f80000, 0x00000000eab00000)
  object space 81408K, 37% used [0x00000000c0000000,0x00000000c1e06d78,0x00000000c4f80000)
 Metaspace       used 98911K, capacity 106652K, committed 106944K, reserved 1144832K
  class space    used 13886K, capacity 14442K, committed 14528K, reserved 1048576K

Card table byte_map: [0x000002091fad0000,0x000002091fce0000] byte_map_base: 0x000002091f4d0000

Marking Bits: (ParMarkBitMap*) 0x00007ff94d396040
 Begin Bits: [0x000002091fe40000, 0x0000020920e40000)
 End Bits:   [0x0000020920e40000, 0x0000020921e40000)

Polling page: 0x000002090ee20000

CodeCache: size=245760Kb used=14844Kb max_used=15000Kb free=230915Kb
 bounds [0x0000020910710000, 0x00000209115d0000, 0x000002091f710000]
 total_blobs=5939 nmethods=5189 adapters=660
 compilation: enabled

Compilation events (10 events):
Event: 27.851 Thread 0x0000020922d10000 5790       3       org.apache.xbean.asm9.MethodVisitor::visitLabel (16 bytes)
Event: 27.851 Thread 0x0000020922d0a800 5794       4       org.apache.xbean.asm9.ClassReader::readUtf (161 bytes)
Event: 27.851 Thread 0x0000020922d10000 nmethod 5790 0x0000020910bcc390 code [0x0000020910bcc500, 0x0000020910bcc770]
Event: 27.851 Thread 0x0000020922d10000 5792       3       org.apache.xbean.asm9.ClassReader::readLabel (20 bytes)
Event: 27.852 Thread 0x0000020922d10000 nmethod 5792 0x0000020910f5e010 code [0x0000020910f5e180, 0x0000020910f5e598]
Event: 27.852 Thread 0x0000020922d0d000 nmethod 5791 0x0000020910a16d10 code [0x0000020910a16e40, 0x0000020910a16f38]
Event: 27.853 Thread 0x0000020922d10000 5795       3       org.apache.xbean.asm9.ClassReader::readCode (5109 bytes)
Event: 27.864 Thread 0x0000020922d0d000 5799       4       org.apache.xbean.asm9.ClassReader::readUtf (44 bytes)
Event: 27.864 Thread 0x0000020922d09000 5800       4       org.apache.xbean.asm9.ClassReader::readUTF8 (23 bytes)
Event: 27.873 Thread 0x0000020922d0a800 nmethod 5794 0x0000020910a697d0 code [0x0000020910a69940, 0x0000020910a69ef8]

GC Heap History (10 events):
Event: 22.695 GC heap before
{Heap before GC invocations=18 (full 3):
 PSYoungGen      total 162304K, used 159319K [0x00000000eab00000, 0x00000000f5700000, 0x0000000100000000)
  eden space 150528K, 100% used [0x00000000eab00000,0x00000000f3e00000,0x00000000f3e00000)
  from space 11776K, 74% used [0x00000000f4b80000,0x00000000f5415f60,0x00000000f5700000)
  to   space 12800K, 0% used [0x00000000f3e00000,0x00000000f3e00000,0x00000000f4a80000)
 ParOldGen       total 81408K, used 26832K [0x00000000c0000000, 0x00000000c4f80000, 0x00000000eab00000)
  object space 81408K, 32% used [0x00000000c0000000,0x00000000c1a340b8,0x00000000c4f80000)
 Metaspace       used 84102K, capacity 89352K, committed 89600K, reserved 1126400K
  class space    used 11537K, capacity 11974K, committed 12032K, reserved 1048576K
Event: 22.718 GC heap after
Heap after GC invocations=18 (full 3):
 PSYoungGen      total 163328K, used 10787K [0x00000000eab00000, 0x00000000f5700000, 0x0000000100000000)
  eden space 150528K, 0% used [0x00000000eab00000,0x00000000eab00000,0x00000000f3e00000)
  from space 12800K, 84% used [0x00000000f3e00000,0x00000000f4888e30,0x00000000f4a80000)
  to   space 11776K, 0% used [0x00000000f4b80000,0x00000000f4b80000,0x00000000f5700000)
 ParOldGen       total 81408K, used 26840K [0x00000000c0000000, 0x00000000c4f80000, 0x00000000eab00000)
  object space 81408K, 32% used [0x00000000c0000000,0x00000000c1a360b8,0x00000000c4f80000)
 Metaspace       used 84102K, capacity 89352K, committed 89600K, reserved 1126400K
  class space    used 11537K, capacity 11974K, committed 12032K, reserved 1048576K
}
Event: 24.997 GC heap before
{Heap before GC invocations=19 (full 3):
 PSYoungGen      total 163328K, used 123126K [0x00000000eab00000, 0x00000000f5700000, 0x0000000100000000)
  eden space 150528K, 74% used [0x00000000eab00000,0x00000000f18b4b48,0x00000000f3e00000)
  from space 12800K, 84% used [0x00000000f3e00000,0x00000000f4888e30,0x00000000f4a80000)
  to   space 11776K, 0% used [0x00000000f4b80000,0x00000000f4b80000,0x00000000f5700000)
 ParOldGen       total 81408K, used 26840K [0x00000000c0000000, 0x00000000c4f80000, 0x00000000eab00000)
  object space 81408K, 32% used [0x00000000c0000000,0x00000000c1a360b8,0x00000000c4f80000)
 Metaspace       used 91797K, capacity 98450K, committed 98496K, reserved 1136640K
  class space    used 12711K, capacity 13204K, committed 13248K, reserved 1048576K
Event: 25.012 GC heap after
Heap after GC invocations=19 (full 3):
 PSYoungGen      total 162304K, used 11750K [0x00000000eab00000, 0x00000000f5700000, 0x0000000100000000)
  eden space 150528K, 0% used [0x00000000eab00000,0x00000000eab00000,0x00000000f3e00000)
  from space 11776K, 99% used [0x00000000f4b80000,0x00000000f56f9a20,0x00000000f5700000)
  to   space 12800K, 0% used [0x00000000f3e00000,0x00000000f3e00000,0x00000000f4a80000)
 ParOldGen       total 81408K, used 27370K [0x00000000c0000000, 0x00000000c4f80000, 0x00000000eab00000)
  object space 81408K, 33% used [0x00000000c0000000,0x00000000c1abaaf0,0x00000000c4f80000)
 Metaspace       used 91797K, capacity 98450K, committed 98496K, reserved 1136640K
  class space    used 12711K, capacity 13204K, committed 13248K, reserved 1048576K
}
Event: 25.012 GC heap before
{Heap before GC invocations=20 (full 4):
 PSYoungGen      total 162304K, used 11750K [0x00000000eab00000, 0x00000000f5700000, 0x0000000100000000)
  eden space 150528K, 0% used [0x00000000eab00000,0x00000000eab00000,0x00000000f3e00000)
  from space 11776K, 99% used [0x00000000f4b80000,0x00000000f56f9a20,0x00000000f5700000)
  to   space 12800K, 0% used [0x00000000f3e00000,0x00000000f3e00000,0x00000000f4a80000)
 ParOldGen       total 81408K, used 27370K [0x00000000c0000000, 0x00000000c4f80000, 0x00000000eab00000)
  object space 81408K, 33% used [0x00000000c0000000,0x00000000c1abaaf0,0x00000000c4f80000)
 Metaspace       used 91797K, capacity 98450K, committed 98496K, reserved 1136640K
  class space    used 12711K, capacity 13204K, committed 13248K, reserved 1048576K
Event: 25.167 GC heap after
Heap after GC invocations=20 (full 4):
 PSYoungGen      total 162304K, used 0K [0x00000000eab00000, 0x00000000f5700000, 0x0000000100000000)
  eden space 150528K, 0% used [0x00000000eab00000,0x00000000eab00000,0x00000000f3e00000)
  from space 11776K, 0% used [0x00000000f4b80000,0x00000000f4b80000,0x00000000f5700000)
  to   space 12800K, 0% used [0x00000000f3e00000,0x00000000f3e00000,0x00000000f4a80000)
 ParOldGen       total 81408K, used 29899K [0x00000000c0000000, 0x00000000c4f80000, 0x00000000eab00000)
  object space 81408K, 36% used [0x00000000c0000000,0x00000000c1d32c58,0x00000000c4f80000)
 Metaspace       used 91797K, capacity 98450K, committed 98496K, reserved 1136640K
  class space    used 12711K, capacity 13204K, committed 13248K, reserved 1048576K
}
Event: 27.581 GC heap before
{Heap before GC invocations=21 (full 4):
 PSYoungGen      total 162304K, used 97396K [0x00000000eab00000, 0x00000000f5700000, 0x0000000100000000)
  eden space 150528K, 64% used [0x00000000eab00000,0x00000000f0a1d0f8,0x00000000f3e00000)
  from space 11776K, 0% used [0x00000000f4b80000,0x00000000f4b80000,0x00000000f5700000)
  to   space 12800K, 0% used [0x00000000f3e00000,0x00000000f3e00000,0x00000000f4a80000)
 ParOldGen       total 81408K, used 29899K [0x00000000c0000000, 0x00000000c4f80000, 0x00000000eab00000)
  object space 81408K, 36% used [0x00000000c0000000,0x00000000c1d32c58,0x00000000c4f80000)
 Metaspace       used 98856K, capacity 106586K, committed 106688K, reserved 1146880K
  class space    used 13874K, capacity 14427K, committed 14528K, reserved 1048576K
Event: 27.593 GC heap after
Heap after GC invocations=21 (full 4):
 PSYoungGen      total 163328K, used 7101K [0x00000000eab00000, 0x00000000f5700000, 0x0000000100000000)
  eden space 150528K, 0% used [0x00000000eab00000,0x00000000eab00000,0x00000000f3e00000)
  from space 12800K, 55% used [0x00000000f3e00000,0x00000000f44ef6b0,0x00000000f4a80000)
  to   space 11776K, 0% used [0x00000000f4b80000,0x00000000f4b80000,0x00000000f5700000)
 ParOldGen       total 81408K, used 29907K [0x00000000c0000000, 0x00000000c4f80000, 0x00000000eab00000)
  object space 81408K, 36% used [0x00000000c0000000,0x00000000c1d34c58,0x00000000c4f80000)
 Metaspace       used 98856K, capacity 106586K, committed 106688K, reserved 1146880K
  class space    used 13874K, capacity 14427K, committed 14528K, reserved 1048576K
}
Event: 27.593 GC heap before
{Heap before GC invocations=22 (full 5):
 PSYoungGen      total 163328K, used 7101K [0x00000000eab00000, 0x00000000f5700000, 0x0000000100000000)
  eden space 150528K, 0% used [0x00000000eab00000,0x00000000eab00000,0x00000000f3e00000)
  from space 12800K, 55% used [0x00000000f3e00000,0x00000000f44ef6b0,0x00000000f4a80000)
  to   space 11776K, 0% used [0x00000000f4b80000,0x00000000f4b80000,0x00000000f5700000)
 ParOldGen       total 81408K, used 29907K [0x00000000c0000000, 0x00000000c4f80000, 0x00000000eab00000)
  object space 81408K, 36% used [0x00000000c0000000,0x00000000c1d34c58,0x00000000c4f80000)
 Metaspace       used 98856K, capacity 106586K, committed 106688K, reserved 1146880K
  class space    used 13874K, capacity 14427K, committed 14528K, reserved 1048576K
Event: 27.828 GC heap after
Heap after GC invocations=22 (full 5):
 PSYoungGen      total 163328K, used 0K [0x00000000eab00000, 0x00000000f5700000, 0x0000000100000000)
  eden space 150528K, 0% used [0x00000000eab00000,0x00000000eab00000,0x00000000f3e00000)
  from space 12800K, 0% used [0x00000000f3e00000,0x00000000f3e00000,0x00000000f4a80000)
  to   space 11776K, 0% used [0x00000000f4b80000,0x00000000f4b80000,0x00000000f5700000)
 ParOldGen       total 81408K, used 30747K [0x00000000c0000000, 0x00000000c4f80000, 0x00000000eab00000)
  object space 81408K, 37% used [0x00000000c0000000,0x00000000c1e06d78,0x00000000c4f80000)
 Metaspace       used 98856K, capacity 106586K, committed 106688K, reserved 1144832K
  class space    used 13874K, capacity 14427K, committed 14528K, reserved 1048576K
}

Deoptimization events (10 events):
Event: 26.350 Thread 0x000002092664c000 Uncommon trap: reason=unstable_if action=reinterpret pc=0x000002091148f8f0 method=java.util.HashMap.putVal(ILjava/lang/Object;Ljava/lang/Object;ZZ)Ljava/lang/Object; @ 193
Event: 26.572 Thread 0x000002092664c000 Uncommon trap: reason=unstable_if action=reinterpret pc=0x0000020910b2a158 method=java.util.HashMap.getNode(ILjava/lang/Object;)Ljava/util/HashMap$Node; @ 84
Event: 26.573 Thread 0x000002092664c000 Uncommon trap: reason=unstable_if action=reinterpret pc=0x0000020910b28860 method=java.util.HashMap.getNode(ILjava/lang/Object;)Ljava/util/HashMap$Node; @ 84
Event: 26.573 Thread 0x000002092664c000 Uncommon trap: reason=unstable_if action=reinterpret pc=0x0000020910b1ab6c method=java.util.HashMap.resize()[Ljava/util/HashMap$Node; @ 206
Event: 26.581 Thread 0x000002092664c000 Uncommon trap: reason=unstable_if action=reinterpret pc=0x0000020910912bc0 method=java.lang.ClassLoader.getClassLoadingLock(Ljava/lang/String;)Ljava/lang/Object; @ 6
Event: 26.591 Thread 0x000002092664c000 Uncommon trap: reason=class_check action=maybe_recompile pc=0x0000020910a86b90 method=java.io.DataInputStream.readFully([BII)V @ 34
Event: 26.591 Thread 0x000002092664c000 Uncommon trap: reason=class_check action=maybe_recompile pc=0x0000020910a86b90 method=java.io.DataInputStream.readFully([BII)V @ 34
Event: 26.591 Thread 0x000002092664c000 Uncommon trap: reason=class_check action=maybe_recompile pc=0x0000020910a86b90 method=java.io.DataInputStream.readFully([BII)V @ 34
Event: 26.591 Thread 0x000002092664c000 Uncommon trap: reason=class_check action=maybe_recompile pc=0x0000020910a86b90 method=java.io.DataInputStream.readFully([BII)V @ 34
Event: 27.356 Thread 0x0000020927637000 Uncommon trap: reason=bimorphic action=maybe_recompile pc=0x0000020910dde728 method=java.util.concurrent.ConcurrentHashMap.putVal(Ljava/lang/Object;Ljava/lang/Object;Z)Ljava/lang/Object; @ 192

Classes redefined (0 events):
No events

Internal exceptions (10 events):
Event: 25.984 Thread 0x000002092664c000 Exception <a 'java/lang/NoSuchMethodError': java.lang.Object.$anonfun$evaluateVariables$3$adapted(Lorg/apache/spark/sql/catalyst/expressions/codegen/ExprCode;)Ljava/lang/Object;> (0x00000000ecd45cc8) thrown at [C:\jenkins\workspace\8-2-build-windows-x64-c
Event: 26.030 Thread 0x000002092664c000 Exception <a 'java/lang/NoSuchMethodError': java.lang.Object.$anonfun$consume$5(Lorg/apache/spark/sql/execution/CodegenSupport;)Ljava/lang/String;> (0x00000000ecf5b1a0) thrown at [C:\jenkins\workspace\8-2-build-windows-x64-cygwin-sans-NAS\jdk8u391\514\hot
Event: 27.022 Thread 0x000002092664c000 Exception <a 'java/lang/NoSuchMethodError': <clinit>> (0x00000000ef24da58) thrown at [C:\jenkins\workspace\8-2-build-windows-x64-cygwin-sans-NAS\jdk8u391\514\hotspot\src\share\vm\prims\jni.cpp, line 1615]
Event: 27.474 Thread 0x000002092664c000 Exception <a 'java/lang/NoSuchMethodError': <clinit>> (0x00000000f05d2cd8) thrown at [C:\jenkins\workspace\8-2-build-windows-x64-cygwin-sans-NAS\jdk8u391\514\hotspot\src\share\vm\prims\jni.cpp, line 1615]
Event: 27.476 Thread 0x000002092664c000 Exception <a 'java/lang/NoSuchMethodError': <clinit>> (0x00000000f05dc2c0) thrown at [C:\jenkins\workspace\8-2-build-windows-x64-cygwin-sans-NAS\jdk8u391\514\hotspot\src\share\vm\prims\jni.cpp, line 1615]
Event: 27.554 Thread 0x000002092664c000 Exception <a 'java/lang/NoSuchMethodError': <clinit>> (0x00000000f081e338) thrown at [C:\jenkins\workspace\8-2-build-windows-x64-cygwin-sans-NAS\jdk8u391\514\hotspot\src\share\vm\prims\jni.cpp, line 1615]
Event: 27.554 Thread 0x000002092664c000 Exception <a 'java/lang/NoSuchMethodError': <clinit>> (0x00000000f08242e8) thrown at [C:\jenkins\workspace\8-2-build-windows-x64-cygwin-sans-NAS\jdk8u391\514\hotspot\src\share\vm\prims\jni.cpp, line 1615]
Event: 27.556 Thread 0x000002092664c000 Exception <a 'java/lang/NoSuchMethodError': <clinit>> (0x00000000f083ab40) thrown at [C:\jenkins\workspace\8-2-build-windows-x64-cygwin-sans-NAS\jdk8u391\514\hotspot\src\share\vm\prims\jni.cpp, line 1615]
Event: 27.567 Thread 0x000002092664c000 Exception <a 'java/lang/NoSuchMethodError': <clinit>> (0x00000000f08a5478) thrown at [C:\jenkins\workspace\8-2-build-windows-x64-cygwin-sans-NAS\jdk8u391\514\hotspot\src\share\vm\prims\jni.cpp, line 1615]
Event: 27.568 Thread 0x000002092664c000 Exception <a 'java/lang/NoSuchMethodError': <clinit>> (0x00000000f08d1208) thrown at [C:\jenkins\workspace\8-2-build-windows-x64-cygwin-sans-NAS\jdk8u391\514\hotspot\src\share\vm\prims\jni.cpp, line 1615]

Events (10 events):
Event: 27.851 Thread 0x0000020922d10000 flushing nmethod 0x0000020910a697d0
Event: 27.852 Thread 0x0000020922d10000 flushing nmethod 0x0000020910ae4a50
Event: 27.855 loading class scala/Function1
Event: 27.855 loading class scala/Function1 done
Event: 27.855 loading class org/apache/spark/TaskContext
Event: 27.855 loading class org/apache/spark/TaskContext done
Event: 27.855 loading class scala/Function1
Event: 27.855 loading class scala/Function1 done
Event: 27.856 loading class scala/Function2
Event: 27.856 loading class scala/Function2 done


Dynamic libraries:
0x00007ff7ee650000 - 0x00007ff7ee69a000 	C:\Program Files\Java\jdk-1.8\bin\java.exe
0x00007ffa18090000 - 0x00007ffa182a7000 	C:\Windows\SYSTEM32\ntdll.dll
0x00007ffa16630000 - 0x00007ffa166f4000 	C:\Windows\System32\KERNEL32.DLL
0x00007ffa15700000 - 0x00007ffa15aad000 	C:\Windows\System32\KERNELBASE.dll
0x00007ffa17160000 - 0x00007ffa17212000 	C:\Windows\System32\ADVAPI32.dll
0x00007ffa16e00000 - 0x00007ffa16ea7000 	C:\Windows\System32\msvcrt.dll
0x00007ffa17de0000 - 0x00007ffa17e89000 	C:\Windows\System32\sechost.dll
0x00007ffa15d90000 - 0x00007ffa15db8000 	C:\Windows\System32\bcrypt.dll
0x00007ffa17740000 - 0x00007ffa17854000 	C:\Windows\System32\RPCRT4.dll
0x00007ffa16fb0000 - 0x00007ffa1715e000 	C:\Windows\System32\USER32.dll
0x00007ffa153b0000 - 0x00007ffa153d6000 	C:\Windows\System32\win32u.dll
0x00007ffa173e0000 - 0x00007ffa17409000 	C:\Windows\System32\GDI32.dll
0x00007ffa15ab0000 - 0x00007ffa15bc9000 	C:\Windows\System32\gdi32full.dll
0x00007ffa15bd0000 - 0x00007ffa15c6a000 	C:\Windows\System32\msvcp_win.dll
0x00007ffa15c70000 - 0x00007ffa15d81000 	C:\Windows\System32\ucrtbase.dll
0x00007ff9fc7c0000 - 0x00007ff9fca53000 	C:\Windows\WinSxS\amd64_microsoft.windows.common-controls_6595b64144ccf1df_6.0.22621.3672_none_2713b9d173822955\COMCTL32.dll
0x00007ffa17410000 - 0x00007ffa17441000 	C:\Windows\System32\IMM32.DLL
0x00007ff9fd2f0000 - 0x00007ff9fd30b000 	C:\Program Files\Java\jdk-1.8\jre\bin\vcruntime140.dll
0x00007ffa0d220000 - 0x00007ffa0d22c000 	C:\Program Files\Java\jdk-1.8\jre\bin\vcruntime140_1.dll
0x00007ff9fc140000 - 0x00007ff9fc1ce000 	C:\Program Files\Java\jdk-1.8\jre\bin\msvcp140.dll
0x00007ff94cb60000 - 0x00007ff94d410000 	C:\Program Files\Java\jdk-1.8\jre\bin\server\jvm.dll
0x00007ffa17250000 - 0x00007ffa17258000 	C:\Windows\System32\PSAPI.DLL
0x00007ffa0d970000 - 0x00007ffa0d979000 	C:\Windows\SYSTEM32\WSOCK32.dll
0x00007ffa0cb50000 - 0x00007ffa0cb5a000 	C:\Windows\SYSTEM32\VERSION.dll
0x00007ffa0d1e0000 - 0x00007ffa0d214000 	C:\Windows\SYSTEM32\WINMM.dll
0x00007ffa17260000 - 0x00007ffa172d1000 	C:\Windows\System32\WS2_32.dll
0x00007ffa144d0000 - 0x00007ffa144e8000 	C:\Windows\SYSTEM32\kernel.appcore.dll
0x00007ffa06f10000 - 0x00007ffa06f20000 	C:\Program Files\Java\jdk-1.8\jre\bin\verify.dll
0x00007ff9fbe40000 - 0x00007ff9fbe6b000 	C:\Program Files\Java\jdk-1.8\jre\bin\java.dll
0x00007ff9fd130000 - 0x00007ff9fd148000 	C:\Program Files\Java\jdk-1.8\jre\bin\zip.dll
0x00007ffa15dc0000 - 0x00007ffa16627000 	C:\Windows\System32\SHELL32.dll
0x00007ffa13310000 - 0x00007ffa13c0e000 	C:\Windows\SYSTEM32\windows.storage.dll
0x00007ffa16700000 - 0x00007ffa16a8d000 	C:\Windows\System32\combase.dll
0x00007ffa131d0000 - 0x00007ffa1330f000 	C:\Windows\SYSTEM32\wintypes.dll
0x00007ffa16ca0000 - 0x00007ffa16d99000 	C:\Windows\System32\SHCORE.dll
0x00007ffa176e0000 - 0x00007ffa1773e000 	C:\Windows\System32\shlwapi.dll
0x00007ffa152e0000 - 0x00007ffa15301000 	C:\Windows\SYSTEM32\profapi.dll
0x00007ff9ff120000 - 0x00007ff9ff12d000 	C:\Program Files\Java\jdk-1.8\jre\bin\management.dll
0x00007ff9fbfb0000 - 0x00007ff9fbfcc000 	C:\Program Files\Java\jdk-1.8\jre\bin\net.dll
0x00007ffa14940000 - 0x00007ffa149a9000 	C:\Windows\system32\mswsock.dll
0x00007ff9ef730000 - 0x00007ff9ef747000 	C:\Windows\system32\napinsp.dll
0x00007ff9ef500000 - 0x00007ff9ef51b000 	C:\Windows\system32\pnrpnsp.dll
0x00007ffa13f50000 - 0x00007ffa14048000 	C:\Windows\SYSTEM32\DNSAPI.dll
0x00007ffa13f20000 - 0x00007ffa13f4d000 	C:\Windows\SYSTEM32\IPHLPAPI.DLL
0x00007ffa172e0000 - 0x00007ffa172e9000 	C:\Windows\System32\NSI.dll
0x00007ff9e21d0000 - 0x00007ff9e21e1000 	C:\Windows\System32\winrnr.dll
0x00007ffa0c8e0000 - 0x00007ffa0c8f5000 	C:\Windows\system32\wshbth.dll
0x00007ff9d7e70000 - 0x00007ff9d7e97000 	C:\Windows\system32\nlansp_c.dll
0x00007ffa0d010000 - 0x00007ffa0d01a000 	C:\Windows\System32\rasadhlp.dll
0x00007ffa0ce60000 - 0x00007ffa0cee3000 	C:\Windows\System32\fwpuclnt.dll
0x00007ff9fbe20000 - 0x00007ff9fbe33000 	C:\Program Files\Java\jdk-1.8\jre\bin\nio.dll
0x00007ffa14ba0000 - 0x00007ffa14bbb000 	C:\Windows\SYSTEM32\CRYPTSP.dll
0x00007ffa14430000 - 0x00007ffa14465000 	C:\Windows\system32\rsaenh.dll
0x00007ffa14a40000 - 0x00007ffa14a68000 	C:\Windows\SYSTEM32\USERENV.dll
0x00007ffa15610000 - 0x00007ffa1568b000 	C:\Windows\System32\bcryptprimitives.dll
0x00007ffa14bc0000 - 0x00007ffa14bcc000 	C:\Windows\SYSTEM32\CRYPTBASE.dll
0x00007ffa0e2a0000 - 0x00007ffa0e2b9000 	C:\Windows\SYSTEM32\dhcpcsvc6.DLL
0x00007ffa0e160000 - 0x00007ffa0e17f000 	C:\Windows\SYSTEM32\dhcpcsvc.DLL
0x00007ff9fef60000 - 0x00007ff9fef6a000 	C:\Program Files\Java\jdk-1.8\jre\bin\w2k_lsa_auth.dll
0x00007ffa142b0000 - 0x00007ffa142bc000 	C:\Windows\SYSTEM32\Secur32.dll
0x00007ffa14730000 - 0x00007ffa14773000 	C:\Windows\SYSTEM32\SSPICLI.DLL
0x00007ff9fede0000 - 0x00007ff9fede9000 	C:\Program Files\Java\jdk-1.8\jre\bin\jaas_nt.dll
0x0000000066f40000 - 0x0000000066fc4000 	C:\Users\Venkatesh\AppData\Local\Temp\liblz4-java-48744380092185751.so

VM Arguments:
jvm_args: -Xmx1g -XX:+IgnoreUnrecognizedVMOptions --add-opens=java.base/java.lang=ALL-UNNAMED --add-opens=java.base/java.lang.invoke=ALL-UNNAMED --add-opens=java.base/java.lang.reflect=ALL-UNNAMED --add-opens=java.base/java.io=ALL-UNNAMED --add-opens=java.base/java.net=ALL-UNNAMED --add-opens=java.base/java.nio=ALL-UNNAMED --add-opens=java.base/java.util=ALL-UNNAMED --add-opens=java.base/java.util.concurrent=ALL-UNNAMED --add-opens=java.base/java.util.concurrent.atomic=ALL-UNNAMED --add-opens=java.base/sun.nio.ch=ALL-UNNAMED --add-opens=java.base/sun.nio.cs=ALL-UNNAMED --add-opens=java.base/sun.security.action=ALL-UNNAMED --add-opens=java.base/sun.util.calendar=ALL-UNNAMED --add-opens=java.security.jgss/sun.security.krb5=ALL-UNNAMED 
java_command: org.apache.spark.deploy.SparkSubmit --conf spark.master=local[*] pyspark-shell
java_class_path (initial): C:\spark\spark-3.3.2-bin-hadoop2\bin\..\conf\;C:\spark\spark-3.3.2-bin-hadoop2\jars\activation-1.1.1.jar;C:\spark\spark-3.3.2-bin-hadoop2\jars\aircompressor-0.21.jar;C:\spark\spark-3.3.2-bin-hadoop2\jars\algebra_2.12-2.0.1.jar;C:\spark\spark-3.3.2-bin-hadoop2\jars\annotations-17.0.0.jar;C:\spark\spark-3.3.2-bin-hadoop2\jars\antlr-runtime-3.5.2.jar;C:\spark\spark-3.3.2-bin-hadoop2\jars\antlr4-runtime-4.8.jar;C:\spark\spark-3.3.2-bin-hadoop2\jars\aopalliance-1.0.jar;C:\spark\spark-3.3.2-bin-hadoop2\jars\aopalliance-repackaged-2.6.1.jar;C:\spark\spark-3.3.2-bin-hadoop2\jars\apacheds-i18n-2.0.0-M15.jar;C:\spark\spark-3.3.2-bin-hadoop2\jars\apacheds-kerberos-codec-2.0.0-M15.jar;C:\spark\spark-3.3.2-bin-hadoop2\jars\api-asn1-api-1.0.0-M20.jar;C:\spark\spark-3.3.2-bin-hadoop2\jars\api-util-1.0.0-M20.jar;C:\spark\spark-3.3.2-bin-hadoop2\jars\arpack-2.2.1.jar;C:\spark\spark-3.3.2-bin-hadoop2\jars\arpack_combined_all-0.1.jar;C:\spark\spark-3.3.2-bin-hadoop2\jars\arrow-format-7.0.0.jar;C:\spark\spark-3.3.2-bin-hadoop2\jars\arrow-memory-core-7.0.0.jar;C:\spark\spark-3.3.2-bin-hadoop2\jars\arrow-memory-netty-7.0.0.jar;C:\spark\spark-3.3.2-bin-hadoop2\jars\arrow-vector-7.0.0.jar;C:\spark\spark-3.3.2-bin-hadoop2\jars\audience-annotations-0.5.0.jar;C:\spark\spark-3.3.2-bin-hadoop2\jars\automaton-1.11-8.jar;C:\spark\spark-3.3.2-bin-hadoop2\jars\avro-1.11.0.jar;C:\spark\spark-3.3.2-bin-hadoop2\jars\avro-ipc-1.11.0.jar;C:\spark\spark-3.3.2-bin-hadoop2\jars\avro-mapred-1.11.0.jar;C:\spark\spark-3.3.2-bin-hadoop2\jars\blas-2.2.1.jar;C:\spark\spark-3.3.2-bin-hadoop2\jars\bonecp-0.8.0.RELEASE.jar;C:\spark\spark-3.3.2-bin-hadoop2\jars\breeze-macros_2.12-1.2.jar;C:\spark\spark-3.3.2-bin-hadoop2\jars\breeze_2.12-1.2.jar;C:\spark\spark-3.3.2-bin-hadoop2\jars\cats-kernel_2.12-2.1.1.jar;C:\spark\spark-3.3.2-bin-hadoop2\jars\chill-java-0.10.0.jar;C:\spark\spark-3.3.2-bin-hadoop2\jars\chill_2.12-0.10.0.jar;C:\spark\spark-3.3.2-bin-hadoop2\jars\commons-beanutils-1.9.4.
Launcher Type: SUN_STANDARD

Environment Variables:
JAVA_HOME=C:\Program Files\Java\jdk-1.8
PATH=C:\Program Files (x86)\Common Files\Oracle\Java\javapath;C:\oraclexe\app\oracle\product\11.2.0\server\bin;C:\Windows\system32;C:\Windows;C:\Windows\System32\Wbem;C:\Windows\System32\WindowsPowerShell\v1.0\;C:\Windows\System32\OpenSSH\;C:\Program Files (x86)\NVIDIA Corporation\PhysX\Common;C:\Program Files\NVIDIA Corporation\NVIDIA NvDLISR;C:\Program Files\dotnet\;C:\Program Files (x86)\Microsoft SQL Server\160\Tools\Binn\;C:\Program Files\Microsoft SQL Server\160\Tools\Binn\;C:\Program Files\Microsoft SQL Server\Client SDK\ODBC\170\Tools\Binn\;C:\Program Files\Microsoft SQL Server\160\DTS\Binn\;C:\Program Files (x86)\Microsoft SQL Server\160\DTS\Binn\;C:\Program Files\Azure Data Studio\bin;C:\Program Files\Snowflake SnowSQL\;C:\Program Files\Git\cmd;C:\Users\Venkatesh\AppData\Local\Programs\Python\Python38\Scripts\;C:\Users\Venkatesh\AppData\Local\Programs\Python\Python38\;C:\Users\Venkatesh\AppData\Local\Programs\Python\Python311\Scripts\;C:\Users\Venkatesh\AppData\Local\Programs\Python\Python311\;C:\Users\Venkatesh\AppData\Local\Microsoft\WindowsApps;C:\Program Files\JetBrains\PyCharm Community Edition 2023.2.5\bin;;C:\Program Files\Java\jdk-1.8\bin;C:\spark\spark-3.3.2-bin-hadoop2\bin;C:\spark\spark-3.3.2-bin-hadoop2\bin;;C:\Program Files\Azure Data Studio\bin;C:\Users\Venkatesh\AppData\Local\Programs\Microsoft VS Code\bin
USERNAME=Venkatesh
OS=Windows_NT
PROCESSOR_IDENTIFIER=Intel64 Family 6 Model 141 Stepping 1, GenuineIntel



---------------  S Y S T E M  ---------------

OS: Windows 11 , 64 bit Build 22621 (10.0.22621.3958)

CPU:total 12 (initial active 12) (6 cores per cpu, 2 threads per core) family 6 model 141 stepping 1, cmov, cx8, fxsr, mmx, sse, sse2, sse3, ssse3, sse4.1, sse4.2, popcnt, avx, avx2, aes, clmul, erms, 3dnowpref, lzcnt, ht, tsc, tscinvbit, bmi1, bmi2, adx

Memory: 4k page, physical 8104524k(510408k free), swap 33270348k(1536k free)

vm_info: Java HotSpot(TM) 64-Bit Server VM (25.391-b13) for windows-amd64 JRE (1.8.0_391-b13), built on Oct  4 2023 07:54:08 by "java_re" with MS VC++ 17.1 (VS2022)

time: Wed Aug  7 17:30:46 2024
timezone: India Standard Time
elapsed time: 27.914163 seconds (0d 0h 0m 27s)

